[2026-04-20 13:04:45] sync.INFO: === Sync started: status === {"run_id":"2a518dfc96095724","command":"status"}
[2026-04-20 13:04:45] sync.INFO: === Sync finished: status in 0s === {"ok":true,"run_id":"2a518dfc96095724","command":"status"}
[2026-04-20 13:05:09] sync.INFO: === Sync started: status === {"run_id":"738cfcb1c2a7b1f6","command":"status"}
[2026-04-20 13:05:09] sync.INFO: === Sync finished: status in 0s === {"ok":true,"run_id":"738cfcb1c2a7b1f6","command":"status"}
[2026-04-20 13:05:14] sync.INFO: === Sync started: status === {"run_id":"0951da140632047c","command":"status"}
[2026-04-20 13:05:14] sync.INFO: === Sync finished: status in 0s === {"ok":true,"run_id":"0951da140632047c","command":"status"}
[2026-04-20 13:06:17] sync.INFO: === Sync started: orders === {"run_id":"21cf4daf047bb2dc","command":"orders"}
[2026-04-20 13:06:17] sync.INFO: OrderSync::importNewOrders started 
[2026-04-20 13:06:19] sync.INFO: Fetched 1 new orders from AboutYou 
[2026-04-20 13:06:24] sync.WARNING: Could not resolve AY item SKU to PS product {"sku":"49485059686728"}
[2026-04-20 13:06:26] sync.WARNING: Could not resolve AY item SKU to PS product {"sku":"49485059785032"}
[2026-04-20 13:06:29] sync.WARNING: Could not resolve AY item SKU to PS product {"sku":"49485059686728"}
[2026-04-20 13:06:31] sync.WARNING: Could not resolve AY item SKU to PS product {"sku":"49485059686728"}
[2026-04-20 13:06:34] sync.WARNING: Could not resolve AY item SKU to PS product {"sku":"49485059785032"}
[2026-04-20 13:06:34] sync.ERROR: Failed to import AY order #sandbox-0-100000001396 {"error":"Could not resolve AY items to PS product references for AY#sandbox-0-100000001396","exception":"RuntimeException","permanent":true,"failure":{"attempts":1,"reason":"Could not resolve AY items to PS product references for AY#sandbox-0-100000001396","permanent":true,"quarantined":true,"last_failed_at":"2026-04-20T13:06:34+00:00"}}
[2026-04-20 13:06:34] sync.INFO: OrderSync::importNewOrders completed {"ay_orders_fetched":1,"orders_imported":0,"orders_skipped":0,"orders_failed":1,"orders_quarantined":1,"statuses_pushed":0,"status_push_failed":0}
[2026-04-20 13:06:34] sync.INFO: === Sync finished: orders in 16.66s === {"ok":true,"run_id":"21cf4daf047bb2dc","command":"orders"}
[2026-04-20 13:06:34] sync.INFO: === Sync started: status === {"run_id":"614ee1db94dea7f9","command":"status"}
[2026-04-20 13:06:34] sync.INFO: === Sync finished: status in 0s === {"ok":true,"run_id":"614ee1db94dea7f9","command":"status"}
[2026-04-20 13:06:34] sync.INFO: === Sync started: status === {"run_id":"a3e70649c0810ccf","command":"status"}
[2026-04-20 13:06:34] sync.INFO: === Sync finished: status in 0s === {"ok":true,"run_id":"a3e70649c0810ccf","command":"status"}
[2026-04-20 13:07:16] sync.INFO: === Sync started: orders === {"run_id":"2aec28966684ce45","command":"orders"}
[2026-04-20 13:07:16] sync.INFO: OrderSync::importNewOrders started 
[2026-04-20 13:07:18] sync.INFO: Fetched 1 new orders from AboutYou 
[2026-04-20 13:07:18] sync.WARNING: Order AY#sandbox-0-100000001396 is quarantined — skipping {"failure":{"attempts":1,"reason":"Could not resolve AY items to PS product references for AY#sandbox-0-100000001396","permanent":true,"quarantined":true,"last_failed_at":"2026-04-20T13:06:34+00:00"}}
[2026-04-20 13:07:18] sync.INFO: OrderSync::importNewOrders completed {"ay_orders_fetched":1,"orders_imported":0,"orders_skipped":0,"orders_failed":0,"orders_quarantined":1,"statuses_pushed":0,"status_push_failed":0}
[2026-04-20 13:07:18] sync.INFO: === Sync finished: orders in 2.02s === {"ok":true,"run_id":"2aec28966684ce45","command":"orders"}
[2026-04-20 13:07:18] sync.INFO: === Sync started: status === {"run_id":"f7faeafdb410291d","command":"status"}
[2026-04-20 13:07:18] sync.INFO: === Sync finished: status in 0s === {"ok":true,"run_id":"f7faeafdb410291d","command":"status"}
[2026-04-20 13:07:34] ui.ERROR: PS GET images/products/222 failed {"error":"Server error: `GET https://scr-wear.com/api/images/products/222?output_format=JSON` resulted in a `500 Internal Server Error` response:
{\"\":[{\"id\":\"222\"},{\"id\":\"1674\"},{\"id\":\"1675\"},{\"id\":\"1676\"},{\"id\":\"1677\"}],\"errors\":[{\"code\":5,\"message\":\"[PHP Notice #8 (truncated...)
"}
[2026-04-20 13:07:34] sync.INFO: === Sync started: stock === {"run_id":"30156d88a8e83cc1","command":"stock"}
[2026-04-20 13:07:34] sync.INFO: ProductSync::syncStockAndPriceForProductIds started {"product_count":1}
[2026-04-20 13:07:34] sync.INFO: PS stock fetch started 
[2026-04-20 13:07:36] sync.INFO: PS stock ids fetched {"count":604}
[2026-04-20 13:08:09] sync.INFO: PS stock fetch progress {"processed":50,"total":604}
[2026-04-20 13:08:36] sync.INFO: PS stock fetch progress {"processed":100,"total":604}
[2026-04-20 19:19:02] sync.INFO: === Sync started: status === {"run_id":"cdc6bb7e20cdafbb","command":"status"}
[2026-04-20 19:19:02] sync.INFO: === Sync finished: status in 0s === {"ok":true,"run_id":"cdc6bb7e20cdafbb","command":"status"}
[2026-04-20 19:19:40] ui.INFO: PS API GET ok {"path":"products/222","status":200,"elapsed_ms":726}
[2026-04-20 19:19:41] ui.INFO: PS API GET ok {"path":"products/220","status":200,"elapsed_ms":723}
[2026-04-20 19:19:42] ui.INFO: PS API GET ok {"path":"products/217","status":200,"elapsed_ms":710}
[2026-04-20 19:19:43] ui.INFO: PS API GET ok {"path":"products/215","status":200,"elapsed_ms":689}
[2026-04-20 19:19:43] ui.INFO: PS API GET ok {"path":"products/214","status":200,"elapsed_ms":680}
[2026-04-20 19:19:44] ui.INFO: PS API GET ok {"path":"products/213","status":200,"elapsed_ms":764}
[2026-04-20 19:19:45] ui.INFO: PS API GET ok {"path":"products/212","status":200,"elapsed_ms":1178}
[2026-04-20 19:19:46] ui.INFO: PS API GET ok {"path":"products/211","status":200,"elapsed_ms":1290}
[2026-04-20 19:19:47] ui.INFO: PS API GET ok {"path":"products/210","status":200,"elapsed_ms":517}
[2026-04-20 19:19:48] ui.INFO: PS API GET ok {"path":"products/209","status":200,"elapsed_ms":708}
[2026-04-20 19:19:49] ui.INFO: PS API GET ok {"path":"products/206","status":200,"elapsed_ms":1026}
[2026-04-20 19:19:50] ui.INFO: PS API GET ok {"path":"products/205","status":200,"elapsed_ms":1374}
[2026-04-20 19:19:51] ui.INFO: PS API GET ok {"path":"products/204","status":200,"elapsed_ms":1360}
[2026-04-20 19:19:52] ui.INFO: PS API GET ok {"path":"products/203","status":200,"elapsed_ms":948}
[2026-04-20 19:19:54] ui.INFO: PS API GET ok {"path":"products/202","status":200,"elapsed_ms":1858}
[2026-04-20 19:19:55] ui.INFO: PS API GET ok {"path":"products/200","status":200,"elapsed_ms":743}
[2026-04-20 19:19:55] ui.INFO: PS API GET ok {"path":"products/199","status":200,"elapsed_ms":484}
[2026-04-20 19:19:56] ui.INFO: PS API GET ok {"path":"products/198","status":200,"elapsed_ms":696}
[2026-04-20 19:19:57] ui.INFO: PS API GET ok {"path":"products/197","status":200,"elapsed_ms":661}
[2026-04-20 19:19:58] ui.INFO: PS API GET ok {"path":"products/196","status":200,"elapsed_ms":838}
[2026-04-20 19:20:31] sync.INFO: === Sync started: stock === {"run_id":"b338a2b043130983","command":"stock"}
[2026-04-20 19:20:31] sync.INFO: ProductSync::syncStockAndPriceForProductIds started {"product_count":1}
[2026-04-20 19:20:31] sync.INFO: PS stock fetch started 
[2026-04-20 19:20:33] sync.INFO: PS stock ids fetched {"count":604}
[2026-04-20 19:20:34] sync.INFO: PS API GET ok {"path":"stock_availables/1","status":200,"elapsed_ms":728}
[2026-04-20 19:20:34] sync.INFO: PS API GET ok {"path":"stock_availables/2","status":200,"elapsed_ms":687}
[2026-04-20 19:20:35] sync.INFO: PS API GET ok {"path":"stock_availables/3","status":200,"elapsed_ms":699}
[2026-04-20 19:20:36] sync.INFO: PS API GET ok {"path":"stock_availables/7","status":200,"elapsed_ms":935}
[2026-04-20 19:20:37] sync.INFO: PS API GET ok {"path":"stock_availables/4","status":200,"elapsed_ms":714}
[2026-04-20 19:20:38] sync.INFO: PS API GET ok {"path":"stock_availables/5","status":200,"elapsed_ms":1029}
[2026-04-20 19:20:38] sync.INFO: PS API GET ok {"path":"stock_availables/6","status":200,"elapsed_ms":713}
[2026-04-20 19:20:39] sync.INFO: PS API GET ok {"path":"stock_availables/8","status":200,"elapsed_ms":934}
[2026-04-20 19:20:40] sync.INFO: PS API GET ok {"path":"stock_availables/13","status":200,"elapsed_ms":554}
[2026-04-20 19:20:40] sync.INFO: PS API GET ok {"path":"stock_availables/9","status":200,"elapsed_ms":479}
[2026-04-20 19:20:41] sync.INFO: PS API GET ok {"path":"stock_availables/10","status":200,"elapsed_ms":679}
[2026-04-20 19:20:42] sync.INFO: PS API GET ok {"path":"stock_availables/11","status":200,"elapsed_ms":1054}
[2026-04-20 19:20:43] sync.INFO: PS API GET ok {"path":"stock_availables/12","status":200,"elapsed_ms":833}
[2026-04-20 19:20:44] sync.INFO: PS API GET ok {"path":"stock_availables/14","status":200,"elapsed_ms":664}
[2026-04-20 19:20:44] sync.INFO: PS API GET ok {"path":"stock_availables/19","status":200,"elapsed_ms":737}
[2026-04-20 19:20:45] sync.INFO: PS API GET ok {"path":"stock_availables/15","status":200,"elapsed_ms":521}
[2026-04-20 19:20:45] sync.INFO: PS API GET ok {"path":"stock_availables/16","status":200,"elapsed_ms":508}
[2026-04-20 19:20:46] sync.INFO: PS API GET ok {"path":"stock_availables/17","status":200,"elapsed_ms":557}
[2026-04-20 19:20:47] sync.INFO: PS API GET ok {"path":"stock_availables/18","status":200,"elapsed_ms":510}
[2026-04-20 19:20:47] sync.INFO: PS API GET ok {"path":"stock_availables/20","status":200,"elapsed_ms":566}
[2026-04-20 19:20:48] sync.INFO: PS API GET ok {"path":"stock_availables/25","status":200,"elapsed_ms":534}
[2026-04-20 19:20:48] sync.INFO: PS API GET ok {"path":"stock_availables/21","status":200,"elapsed_ms":807}
[2026-04-20 19:20:49] sync.INFO: PS API GET ok {"path":"stock_availables/22","status":200,"elapsed_ms":503}
[2026-04-20 19:20:49] sync.INFO: PS API GET ok {"path":"stock_availables/23","status":200,"elapsed_ms":505}
[2026-04-20 19:20:50] sync.INFO: PS API GET ok {"path":"stock_availables/24","status":200,"elapsed_ms":587}
[2026-04-20 19:20:51] sync.INFO: PS API GET ok {"path":"stock_availables/26","status":200,"elapsed_ms":539}
[2026-04-20 19:20:51] sync.INFO: PS API GET ok {"path":"stock_availables/31","status":200,"elapsed_ms":529}
[2026-04-20 19:20:52] sync.INFO: PS API GET ok {"path":"stock_availables/27","status":200,"elapsed_ms":503}
[2026-04-20 19:20:52] sync.INFO: PS API GET ok {"path":"stock_availables/28","status":200,"elapsed_ms":508}
[2026-04-20 19:20:53] sync.INFO: PS API GET ok {"path":"stock_availables/29","status":200,"elapsed_ms":540}
[2026-04-20 19:20:53] sync.INFO: PS API GET ok {"path":"stock_availables/30","status":200,"elapsed_ms":590}
[2026-04-20 19:20:54] sync.INFO: PS API GET ok {"path":"stock_availables/32","status":200,"elapsed_ms":687}
[2026-04-20 19:20:54] sync.INFO: PS API GET ok {"path":"stock_availables/37","status":200,"elapsed_ms":549}
[2026-04-20 19:20:55] sync.INFO: PS API GET ok {"path":"stock_availables/33","status":200,"elapsed_ms":833}
[2026-04-20 19:20:56] sync.INFO: PS API GET ok {"path":"stock_availables/34","status":200,"elapsed_ms":541}
[2026-04-20 19:20:56] sync.INFO: PS API GET ok {"path":"stock_availables/35","status":200,"elapsed_ms":534}
[2026-04-20 19:20:57] sync.INFO: PS API GET ok {"path":"stock_availables/36","status":200,"elapsed_ms":600}
[2026-04-20 19:20:58] sync.INFO: PS API GET ok {"path":"stock_availables/38","status":200,"elapsed_ms":647}
[2026-04-20 19:20:58] sync.INFO: PS API GET ok {"path":"stock_availables/43","status":200,"elapsed_ms":521}
[2026-04-20 19:20:59] sync.INFO: PS API GET ok {"path":"stock_availables/39","status":200,"elapsed_ms":541}
[2026-04-20 19:20:59] sync.INFO: PS API GET ok {"path":"stock_availables/40","status":200,"elapsed_ms":545}
[2026-04-20 19:21:00] sync.INFO: PS API GET ok {"path":"stock_availables/41","status":200,"elapsed_ms":671}
[2026-04-20 19:21:01] sync.INFO: PS API GET ok {"path":"stock_availables/42","status":200,"elapsed_ms":643}
[2026-04-20 19:21:01] sync.INFO: PS API GET ok {"path":"stock_availables/602","status":200,"elapsed_ms":547}
[2026-04-20 19:21:02] sync.INFO: PS API GET ok {"path":"stock_availables/50","status":200,"elapsed_ms":517}
[2026-04-20 19:21:02] sync.INFO: PS API GET ok {"path":"stock_availables/55","status":200,"elapsed_ms":564}
[2026-04-20 19:21:03] sync.INFO: PS API GET ok {"path":"stock_availables/51","status":200,"elapsed_ms":707}
[2026-04-20 19:21:03] sync.INFO: PS API GET ok {"path":"stock_availables/52","status":200,"elapsed_ms":533}
[2026-04-20 19:21:04] sync.INFO: PS API GET ok {"path":"stock_availables/53","status":200,"elapsed_ms":691}
[2026-04-20 19:21:05] sync.INFO: PS API GET ok {"path":"stock_availables/54","status":200,"elapsed_ms":627}
[2026-04-20 19:21:05] sync.INFO: PS stock fetch progress {"processed":50,"total":604}
[2026-04-20 19:21:06] sync.INFO: PS API GET ok {"path":"stock_availables/56","status":200,"elapsed_ms":1207}
[2026-04-20 19:21:07] sync.INFO: PS API GET ok {"path":"stock_availables/61","status":200,"elapsed_ms":597}
[2026-04-20 19:21:07] sync.INFO: PS API GET ok {"path":"stock_availables/57","status":200,"elapsed_ms":840}
[2026-04-20 19:21:08] sync.INFO: PS API GET ok {"path":"stock_availables/58","status":200,"elapsed_ms":755}
[2026-04-20 19:21:09] sync.INFO: PS API GET ok {"path":"stock_availables/59","status":200,"elapsed_ms":760}
[2026-04-20 19:21:09] sync.INFO: PS API GET ok {"path":"stock_availables/60","status":200,"elapsed_ms":526}
[2026-04-20 19:21:10] sync.INFO: PS API GET ok {"path":"stock_availables/62","status":200,"elapsed_ms":525}
[2026-04-20 19:21:10] sync.INFO: PS API GET ok {"path":"stock_availables/67","status":200,"elapsed_ms":515}
[2026-04-20 19:21:11] sync.INFO: PS API GET ok {"path":"stock_availables/63","status":200,"elapsed_ms":581}
[2026-04-20 19:21:12] sync.INFO: PS API GET ok {"path":"stock_availables/64","status":200,"elapsed_ms":694}
[2026-04-20 19:21:12] sync.INFO: PS API GET ok {"path":"stock_availables/65","status":200,"elapsed_ms":502}
[2026-04-20 19:21:13] sync.INFO: PS API GET ok {"path":"stock_availables/66","status":200,"elapsed_ms":547}
[2026-04-20 19:21:13] sync.INFO: PS API GET ok {"path":"stock_availables/68","status":200,"elapsed_ms":517}
[2026-04-20 19:21:14] sync.INFO: PS API GET ok {"path":"stock_availables/73","status":200,"elapsed_ms":707}
[2026-04-20 19:21:15] sync.INFO: PS API GET ok {"path":"stock_availables/69","status":200,"elapsed_ms":572}
[2026-04-20 19:21:15] sync.INFO: PS API GET ok {"path":"stock_availables/70","status":200,"elapsed_ms":603}
[2026-04-20 19:21:16] sync.INFO: PS API GET ok {"path":"stock_availables/71","status":200,"elapsed_ms":518}
[2026-04-20 19:21:16] sync.INFO: PS API GET ok {"path":"stock_availables/72","status":200,"elapsed_ms":543}
[2026-04-20 19:21:17] sync.INFO: PS API GET ok {"path":"stock_availables/74","status":200,"elapsed_ms":518}
[2026-04-20 19:21:17] sync.INFO: PS API GET ok {"path":"stock_availables/75","status":200,"elapsed_ms":534}
[2026-04-20 19:21:18] sync.INFO: PS API GET ok {"path":"stock_availables/84","status":200,"elapsed_ms":1185}
[2026-04-20 19:21:19] sync.INFO: PS API GET ok {"path":"stock_availables/76","status":200,"elapsed_ms":549}
[2026-04-20 19:21:20] sync.INFO: PS API GET ok {"path":"stock_availables/77","status":200,"elapsed_ms":544}
[2026-04-20 19:21:21] sync.INFO: PS API GET ok {"path":"stock_availables/78","status":200,"elapsed_ms":1048}
[2026-04-20 19:21:22] sync.INFO: PS API GET ok {"path":"stock_availables/79","status":200,"elapsed_ms":1153}
[2026-04-20 19:21:22] sync.INFO: PS API GET ok {"path":"stock_availables/80","status":200,"elapsed_ms":538}
[2026-04-20 19:21:23] sync.INFO: PS API GET ok {"path":"stock_availables/81","status":200,"elapsed_ms":539}
[2026-04-20 19:21:23] sync.INFO: PS API GET ok {"path":"stock_availables/82","status":200,"elapsed_ms":529}
[2026-04-20 19:21:24] sync.INFO: PS API GET ok {"path":"stock_availables/83","status":200,"elapsed_ms":596}
[2026-04-20 19:21:25] sync.INFO: PS API GET ok {"path":"stock_availables/85","status":200,"elapsed_ms":574}
[2026-04-20 19:21:25] sync.INFO: PS API GET ok {"path":"stock_availables/90","status":200,"elapsed_ms":537}
[2026-04-20 19:21:26] sync.INFO: PS API GET ok {"path":"stock_availables/86","status":200,"elapsed_ms":533}
[2026-04-20 19:21:26] sync.INFO: PS API GET ok {"path":"stock_availables/87","status":200,"elapsed_ms":541}
[2026-04-20 19:21:27] sync.INFO: PS API GET ok {"path":"stock_availables/88","status":200,"elapsed_ms":978}
[2026-04-20 19:21:28] sync.INFO: PS API GET ok {"path":"stock_availables/89","status":200,"elapsed_ms":514}
[2026-04-20 19:21:28] sync.INFO: PS API GET ok {"path":"stock_availables/91","status":200,"elapsed_ms":522}
[2026-04-20 19:21:29] sync.INFO: PS API GET ok {"path":"stock_availables/96","status":200,"elapsed_ms":506}
[2026-04-20 19:21:29] sync.INFO: PS API GET ok {"path":"stock_availables/92","status":200,"elapsed_ms":781}
[2026-04-20 19:21:30] sync.INFO: PS API GET ok {"path":"stock_availables/93","status":200,"elapsed_ms":518}
[2026-04-20 19:21:30] sync.INFO: PS API GET ok {"path":"stock_availables/94","status":200,"elapsed_ms":510}
[2026-04-20 19:21:31] sync.INFO: PS API GET ok {"path":"stock_availables/95","status":200,"elapsed_ms":542}
[2026-04-20 19:21:32] sync.INFO: PS API GET ok {"path":"stock_availables/97","status":200,"elapsed_ms":580}
[2026-04-20 19:21:32] sync.INFO: PS API GET ok {"path":"stock_availables/102","status":200,"elapsed_ms":599}
[2026-04-20 19:21:33] sync.INFO: PS API GET ok {"path":"stock_availables/98","status":200,"elapsed_ms":512}
[2026-04-20 19:21:33] sync.INFO: PS API GET ok {"path":"stock_availables/99","status":200,"elapsed_ms":603}
[2026-04-20 19:21:34] sync.INFO: PS API GET ok {"path":"stock_availables/100","status":200,"elapsed_ms":612}
[2026-04-20 19:21:34] sync.INFO: PS API GET ok {"path":"stock_availables/101","status":200,"elapsed_ms":507}
[2026-04-20 19:21:35] sync.INFO: PS API GET ok {"path":"stock_availables/103","status":200,"elapsed_ms":528}
[2026-04-20 19:21:36] sync.INFO: PS API GET ok {"path":"stock_availables/108","status":200,"elapsed_ms":638}
[2026-04-20 19:21:36] sync.INFO: PS API GET ok {"path":"stock_availables/104","status":200,"elapsed_ms":606}
[2026-04-20 19:21:36] sync.INFO: PS stock fetch progress {"processed":100,"total":604}
[2026-04-20 19:21:37] sync.INFO: PS API GET ok {"path":"stock_availables/105","status":200,"elapsed_ms":614}
[2026-04-20 19:21:37] sync.INFO: PS API GET ok {"path":"stock_availables/106","status":200,"elapsed_ms":508}
[2026-04-20 19:21:38] sync.INFO: PS API GET ok {"path":"stock_availables/107","status":200,"elapsed_ms":537}
[2026-04-20 19:21:38] sync.INFO: PS API GET ok {"path":"stock_availables/109","status":200,"elapsed_ms":519}
[2026-04-20 19:21:39] sync.INFO: PS API GET ok {"path":"stock_availables/114","status":200,"elapsed_ms":509}
[2026-04-20 19:21:40] sync.INFO: PS API GET ok {"path":"stock_availables/110","status":200,"elapsed_ms":1000}
[2026-04-20 19:21:40] sync.INFO: PS API GET ok {"path":"stock_availables/111","status":200,"elapsed_ms":522}
[2026-04-20 19:21:41] sync.INFO: PS API GET ok {"path":"stock_availables/112","status":200,"elapsed_ms":556}
[2026-04-20 19:21:42] sync.INFO: PS API GET ok {"path":"stock_availables/113","status":200,"elapsed_ms":624}
[2026-04-20 19:21:42] sync.INFO: PS API GET ok {"path":"stock_availables/115","status":200,"elapsed_ms":558}
[2026-04-20 19:21:43] sync.INFO: PS API GET ok {"path":"stock_availables/121","status":200,"elapsed_ms":1115}
[2026-04-20 19:21:44] sync.INFO: PS API GET ok {"path":"stock_availables/116","status":200,"elapsed_ms":524}
[2026-04-20 19:21:44] sync.INFO: PS API GET ok {"path":"stock_availables/117","status":200,"elapsed_ms":527}
[2026-04-20 19:21:45] sync.INFO: PS API GET ok {"path":"stock_availables/118","status":200,"elapsed_ms":532}
[2026-04-20 19:21:45] sync.INFO: PS API GET ok {"path":"stock_availables/119","status":200,"elapsed_ms":509}
[2026-04-20 19:21:46] sync.INFO: PS API GET ok {"path":"stock_availables/120","status":200,"elapsed_ms":562}
[2026-04-20 19:21:47] sync.INFO: PS API GET ok {"path":"stock_availables/122","status":200,"elapsed_ms":819}
[2026-04-20 19:21:47] sync.INFO: PS API GET ok {"path":"stock_availables/127","status":200,"elapsed_ms":513}
[2026-04-20 19:21:48] sync.INFO: PS API GET ok {"path":"stock_availables/123","status":200,"elapsed_ms":622}
[2026-04-20 19:21:48] sync.INFO: PS API GET ok {"path":"stock_availables/124","status":200,"elapsed_ms":527}
[2026-04-20 19:21:49] sync.INFO: PS API GET ok {"path":"stock_availables/125","status":200,"elapsed_ms":901}
[2026-04-20 19:21:50] sync.INFO: PS API GET ok {"path":"stock_availables/126","status":200,"elapsed_ms":517}
[2026-04-20 19:21:50] sync.INFO: PS API GET ok {"path":"stock_availables/128","status":200,"elapsed_ms":585}
[2026-04-20 19:21:51] sync.INFO: PS API GET ok {"path":"stock_availables/133","status":200,"elapsed_ms":544}
[2026-04-20 19:21:52] sync.INFO: PS API GET ok {"path":"stock_availables/129","status":200,"elapsed_ms":528}
[2026-04-20 19:21:52] sync.INFO: PS API GET ok {"path":"stock_availables/130","status":200,"elapsed_ms":518}
[2026-04-20 19:21:54] sync.INFO: PS API GET ok {"path":"stock_availables/131","status":200,"elapsed_ms":1607}
[2026-04-20 19:21:54] sync.INFO: PS API GET ok {"path":"stock_availables/132","status":200,"elapsed_ms":547}
[2026-04-20 19:21:55] sync.INFO: PS API GET ok {"path":"stock_availables/134","status":200,"elapsed_ms":505}
[2026-04-20 19:21:55] sync.INFO: PS API GET ok {"path":"stock_availables/139","status":200,"elapsed_ms":515}
[2026-04-20 19:21:56] sync.INFO: PS API GET ok {"path":"stock_availables/135","status":200,"elapsed_ms":694}
[2026-04-20 19:21:57] sync.INFO: PS API GET ok {"path":"stock_availables/136","status":200,"elapsed_ms":610}
[2026-04-20 19:21:57] sync.INFO: PS API GET ok {"path":"stock_availables/137","status":200,"elapsed_ms":572}
[2026-04-20 19:21:58] sync.INFO: PS API GET ok {"path":"stock_availables/138","status":200,"elapsed_ms":574}
[2026-04-20 19:21:58] sync.INFO: PS API GET ok {"path":"stock_availables/140","status":200,"elapsed_ms":666}
[2026-04-20 19:21:59] sync.INFO: PS API GET ok {"path":"stock_availables/145","status":200,"elapsed_ms":580}
[2026-04-20 19:21:59] sync.INFO: PS API GET ok {"path":"stock_availables/141","status":200,"elapsed_ms":555}
[2026-04-20 19:22:00] sync.INFO: PS API GET ok {"path":"stock_availables/142","status":200,"elapsed_ms":515}
[2026-04-20 19:22:01] sync.INFO: PS API GET ok {"path":"stock_availables/143","status":200,"elapsed_ms":542}
[2026-04-20 19:22:01] sync.INFO: PS API GET ok {"path":"stock_availables/144","status":200,"elapsed_ms":603}
[2026-04-20 19:22:02] sync.INFO: PS API GET ok {"path":"stock_availables/146","status":200,"elapsed_ms":611}
[2026-04-20 19:22:02] sync.INFO: PS API GET ok {"path":"stock_availables/151","status":200,"elapsed_ms":553}
[2026-04-20 19:22:03] sync.INFO: PS API GET ok {"path":"stock_availables/147","status":200,"elapsed_ms":676}
[2026-04-20 19:22:03] sync.INFO: PS API GET ok {"path":"stock_availables/148","status":200,"elapsed_ms":526}
[2026-04-20 19:22:04] sync.INFO: PS API GET ok {"path":"stock_availables/149","status":200,"elapsed_ms":770}
[2026-04-20 19:22:05] sync.INFO: PS API GET ok {"path":"stock_availables/150","status":200,"elapsed_ms":519}
[2026-04-20 19:22:05] sync.INFO: PS API GET ok {"path":"stock_availables/152","status":200,"elapsed_ms":551}
[2026-04-20 19:22:06] sync.INFO: PS API GET ok {"path":"stock_availables/153","status":200,"elapsed_ms":616}
[2026-04-20 19:22:06] sync.INFO: PS API GET ok {"path":"stock_availables/154","status":200,"elapsed_ms":540}
[2026-04-20 19:22:07] sync.INFO: PS API GET ok {"path":"stock_availables/157","status":200,"elapsed_ms":526}
[2026-04-20 19:22:07] sync.INFO: PS stock fetch progress {"processed":150,"total":604}
[2026-04-20 19:22:08] sync.INFO: PS API GET ok {"path":"stock_availables/155","status":200,"elapsed_ms":546}
[2026-04-20 19:22:08] sync.INFO: PS API GET ok {"path":"stock_availables/156","status":200,"elapsed_ms":523}
[2026-04-20 19:22:09] sync.INFO: PS API GET ok {"path":"stock_availables/158","status":200,"elapsed_ms":519}
[2026-04-20 19:22:09] sync.INFO: PS API GET ok {"path":"stock_availables/159","status":200,"elapsed_ms":505}
[2026-04-20 19:22:10] sync.INFO: PS API GET ok {"path":"stock_availables/603","status":200,"elapsed_ms":508}
[2026-04-20 19:22:10] sync.INFO: PS API GET ok {"path":"stock_availables/604","status":200,"elapsed_ms":513}
[2026-04-20 19:22:11] sync.INFO: PS API GET ok {"path":"stock_availables/605","status":200,"elapsed_ms":516}
[2026-04-20 19:22:11] sync.INFO: PS API GET ok {"path":"stock_availables/606","status":200,"elapsed_ms":511}
[2026-04-20 19:22:12] sync.INFO: PS API GET ok {"path":"stock_availables/607","status":200,"elapsed_ms":612}
[2026-04-20 19:22:12] sync.INFO: PS API GET ok {"path":"stock_availables/160","status":200,"elapsed_ms":516}
[2026-04-20 19:22:13] sync.INFO: PS API GET ok {"path":"stock_availables/170","status":200,"elapsed_ms":583}
[2026-04-20 19:22:13] sync.INFO: PS API GET ok {"path":"stock_availables/161","status":200,"elapsed_ms":514}
[2026-04-20 19:22:14] sync.INFO: PS API GET ok {"path":"stock_availables/162","status":200,"elapsed_ms":637}
[2026-04-20 19:22:15] sync.INFO: PS API GET ok {"path":"stock_availables/163","status":200,"elapsed_ms":495}
[2026-04-20 19:22:15] sync.INFO: PS API GET ok {"path":"stock_availables/164","status":200,"elapsed_ms":512}
[2026-04-20 19:22:16] sync.INFO: PS API GET ok {"path":"stock_availables/165","status":200,"elapsed_ms":517}
[2026-04-20 19:22:16] sync.INFO: PS API GET ok {"path":"stock_availables/166","status":200,"elapsed_ms":938}
[2026-04-20 19:22:17] sync.INFO: PS API GET ok {"path":"stock_availables/167","status":200,"elapsed_ms":608}
[2026-04-20 19:22:18] sync.INFO: PS API GET ok {"path":"stock_availables/168","status":200,"elapsed_ms":1105}
[2026-04-20 19:22:19] sync.INFO: PS API GET ok {"path":"stock_availables/169","status":200,"elapsed_ms":585}
[2026-04-20 19:22:20] sync.INFO: PS API GET ok {"path":"stock_availables/171","status":200,"elapsed_ms":780}
[2026-04-20 19:22:20] sync.INFO: PS API GET ok {"path":"stock_availables/181","status":200,"elapsed_ms":608}
[2026-04-20 19:22:21] sync.INFO: PS API GET ok {"path":"stock_availables/172","status":200,"elapsed_ms":532}
[2026-04-20 19:22:21] sync.INFO: PS API GET ok {"path":"stock_availables/173","status":200,"elapsed_ms":531}
[2026-04-20 19:22:22] sync.INFO: PS API GET ok {"path":"stock_availables/174","status":200,"elapsed_ms":551}
[2026-04-20 19:22:22] sync.INFO: PS API GET ok {"path":"stock_availables/175","status":200,"elapsed_ms":534}
[2026-04-20 19:22:23] sync.INFO: PS API GET ok {"path":"stock_availables/176","status":200,"elapsed_ms":540}
[2026-04-20 19:22:23] sync.INFO: PS API GET ok {"path":"stock_availables/177","status":200,"elapsed_ms":507}
[2026-04-20 19:22:24] sync.INFO: PS API GET ok {"path":"stock_availables/178","status":200,"elapsed_ms":532}
[2026-04-20 19:22:25] sync.INFO: PS API GET ok {"path":"stock_availables/179","status":200,"elapsed_ms":799}
[2026-04-20 19:22:25] sync.INFO: PS API GET ok {"path":"stock_availables/180","status":200,"elapsed_ms":497}
[2026-04-20 19:22:26] sync.INFO: PS API GET ok {"path":"stock_availables/182","status":200,"elapsed_ms":498}
[2026-04-20 19:22:26] sync.INFO: PS API GET ok {"path":"stock_availables/187","status":200,"elapsed_ms":533}
[2026-04-20 19:22:27] sync.INFO: PS API GET ok {"path":"stock_availables/183","status":200,"elapsed_ms":984}
[2026-04-20 19:22:28] sync.INFO: PS API GET ok {"path":"stock_availables/184","status":200,"elapsed_ms":633}
[2026-04-20 19:22:28] sync.INFO: PS API GET ok {"path":"stock_availables/185","status":200,"elapsed_ms":585}
[2026-04-20 19:22:29] sync.INFO: PS API GET ok {"path":"stock_availables/186","status":200,"elapsed_ms":551}
[2026-04-20 19:22:29] sync.INFO: PS API GET ok {"path":"stock_availables/188","status":200,"elapsed_ms":507}
[2026-04-20 19:22:30] sync.INFO: PS API GET ok {"path":"stock_availables/193","status":200,"elapsed_ms":504}
[2026-04-20 19:22:31] sync.INFO: PS API GET ok {"path":"stock_availables/189","status":200,"elapsed_ms":838}
[2026-04-20 19:22:31] sync.INFO: PS API GET ok {"path":"stock_availables/190","status":200,"elapsed_ms":564}
[2026-04-20 19:22:32] sync.INFO: PS API GET ok {"path":"stock_availables/191","status":200,"elapsed_ms":521}
[2026-04-20 19:22:32] sync.INFO: PS API GET ok {"path":"stock_availables/192","status":200,"elapsed_ms":571}
[2026-04-20 19:22:33] sync.INFO: PS API GET ok {"path":"stock_availables/194","status":200,"elapsed_ms":558}
[2026-04-20 19:22:34] sync.INFO: PS API GET ok {"path":"stock_availables/199","status":200,"elapsed_ms":525}
[2026-04-20 19:22:34] sync.INFO: PS API GET ok {"path":"stock_availables/195","status":200,"elapsed_ms":526}
[2026-04-20 19:22:35] sync.INFO: PS API GET ok {"path":"stock_availables/196","status":200,"elapsed_ms":538}
[2026-04-20 19:22:35] sync.INFO: PS API GET ok {"path":"stock_availables/197","status":200,"elapsed_ms":526}
[2026-04-20 19:22:36] sync.INFO: PS API GET ok {"path":"stock_availables/198","status":200,"elapsed_ms":521}
[2026-04-20 19:22:36] sync.INFO: PS API GET ok {"path":"stock_availables/200","status":200,"elapsed_ms":546}
[2026-04-20 19:22:36] sync.INFO: PS stock fetch progress {"processed":200,"total":604}
[2026-04-20 19:22:37] sync.INFO: PS API GET ok {"path":"stock_availables/205","status":200,"elapsed_ms":544}
[2026-04-20 19:22:37] sync.INFO: PS API GET ok {"path":"stock_availables/201","status":200,"elapsed_ms":663}
[2026-04-20 19:22:38] sync.INFO: PS API GET ok {"path":"stock_availables/202","status":200,"elapsed_ms":545}
[2026-04-20 19:22:38] sync.INFO: PS API GET ok {"path":"stock_availables/203","status":200,"elapsed_ms":516}
[2026-04-20 19:22:39] sync.INFO: PS API GET ok {"path":"stock_availables/204","status":200,"elapsed_ms":534}
[2026-04-20 19:22:40] sync.INFO: PS API GET ok {"path":"stock_availables/206","status":200,"elapsed_ms":501}
[2026-04-20 19:22:40] sync.INFO: PS API GET ok {"path":"stock_availables/207","status":200,"elapsed_ms":548}
[2026-04-20 19:22:41] sync.INFO: PS API GET ok {"path":"stock_availables/208","status":200,"elapsed_ms":523}
[2026-04-20 19:22:41] sync.INFO: PS API GET ok {"path":"stock_availables/209","status":200,"elapsed_ms":510}
[2026-04-20 19:22:42] sync.INFO: PS API GET ok {"path":"stock_availables/215","status":200,"elapsed_ms":521}
[2026-04-20 19:22:42] sync.INFO: PS API GET ok {"path":"stock_availables/210","status":200,"elapsed_ms":541}
[2026-04-20 19:22:43] sync.INFO: PS API GET ok {"path":"stock_availables/211","status":200,"elapsed_ms":516}
[2026-04-20 19:22:44] sync.INFO: PS API GET ok {"path":"stock_availables/212","status":200,"elapsed_ms":1132}
[2026-04-20 19:22:44] sync.INFO: PS API GET ok {"path":"stock_availables/213","status":200,"elapsed_ms":543}
[2026-04-20 19:22:45] sync.INFO: PS API GET ok {"path":"stock_availables/214","status":200,"elapsed_ms":537}
[2026-04-20 19:22:45] sync.INFO: PS API GET ok {"path":"stock_availables/216","status":200,"elapsed_ms":506}
[2026-04-20 19:22:46] sync.INFO: PS API GET ok {"path":"stock_availables/217","status":200,"elapsed_ms":512}
[2026-04-20 19:22:46] sync.INFO: PS API GET ok {"path":"stock_availables/218","status":200,"elapsed_ms":508}
[2026-04-20 19:22:47] sync.INFO: PS API GET ok {"path":"stock_availables/219","status":200,"elapsed_ms":490}
[2026-04-20 19:22:47] sync.INFO: PS API GET ok {"path":"stock_availables/220","status":200,"elapsed_ms":531}
[2026-04-20 19:22:48] sync.INFO: PS API GET ok {"path":"stock_availables/221","status":200,"elapsed_ms":496}
[2026-04-20 19:22:48] sync.INFO: PS API GET ok {"path":"stock_availables/222","status":200,"elapsed_ms":528}
[2026-04-20 19:22:49] sync.INFO: PS API GET ok {"path":"stock_availables/223","status":200,"elapsed_ms":522}
[2026-04-20 19:22:50] sync.INFO: PS API GET ok {"path":"stock_availables/224","status":200,"elapsed_ms":543}
[2026-04-20 19:22:50] sync.INFO: PS API GET ok {"path":"stock_availables/225","status":200,"elapsed_ms":542}
[2026-04-20 19:22:51] sync.INFO: PS API GET ok {"path":"stock_availables/226","status":200,"elapsed_ms":510}
[2026-04-20 19:22:51] sync.INFO: PS API GET ok {"path":"stock_availables/227","status":200,"elapsed_ms":658}
[2026-04-20 19:22:52] sync.INFO: PS API GET ok {"path":"stock_availables/228","status":200,"elapsed_ms":543}
[2026-04-20 19:22:52] sync.INFO: PS API GET ok {"path":"stock_availables/229","status":200,"elapsed_ms":613}
[2026-04-20 19:22:53] sync.INFO: PS API GET ok {"path":"stock_availables/235","status":200,"elapsed_ms":1026}
[2026-04-20 19:22:54] sync.INFO: PS API GET ok {"path":"stock_availables/230","status":200,"elapsed_ms":645}
[2026-04-20 19:22:55] sync.INFO: PS API GET ok {"path":"stock_availables/231","status":200,"elapsed_ms":517}
[2026-04-20 19:22:55] sync.INFO: PS API GET ok {"path":"stock_availables/232","status":200,"elapsed_ms":543}
[2026-04-20 19:22:56] sync.INFO: PS API GET ok {"path":"stock_availables/233","status":200,"elapsed_ms":509}
[2026-04-20 19:22:56] sync.INFO: PS API GET ok {"path":"stock_availables/234","status":200,"elapsed_ms":750}
[2026-04-20 19:22:57] sync.INFO: PS API GET ok {"path":"stock_availables/236","status":200,"elapsed_ms":779}
[2026-04-20 19:22:58] sync.INFO: PS API GET ok {"path":"stock_availables/237","status":200,"elapsed_ms":567}
[2026-04-20 19:22:58] sync.INFO: PS API GET ok {"path":"stock_availables/238","status":200,"elapsed_ms":539}
[2026-04-20 19:22:59] sync.INFO: PS API GET ok {"path":"stock_availables/239","status":200,"elapsed_ms":571}
[2026-04-20 19:22:59] sync.INFO: PS API GET ok {"path":"stock_availables/242","status":200,"elapsed_ms":511}
[2026-04-20 19:23:00] sync.INFO: PS API GET ok {"path":"stock_availables/240","status":200,"elapsed_ms":547}
[2026-04-20 19:23:01] sync.INFO: PS API GET ok {"path":"stock_availables/241","status":200,"elapsed_ms":579}
[2026-04-20 19:23:01] sync.INFO: PS API GET ok {"path":"stock_availables/243","status":200,"elapsed_ms":582}
[2026-04-20 19:23:02] sync.INFO: PS API GET ok {"path":"stock_availables/247","status":200,"elapsed_ms":715}
[2026-04-20 19:23:02] sync.INFO: PS API GET ok {"path":"stock_availables/244","status":200,"elapsed_ms":540}
[2026-04-20 19:23:03] sync.INFO: PS API GET ok {"path":"stock_availables/245","status":200,"elapsed_ms":597}
[2026-04-20 19:23:04] sync.INFO: PS API GET ok {"path":"stock_availables/246","status":200,"elapsed_ms":577}
[2026-04-20 19:23:04] sync.INFO: PS API GET ok {"path":"stock_availables/248","status":200,"elapsed_ms":598}
[2026-04-20 19:23:05] sync.INFO: PS API GET ok {"path":"stock_availables/249","status":200,"elapsed_ms":593}
[2026-04-20 19:23:05] sync.INFO: PS API GET ok {"path":"stock_availables/250","status":200,"elapsed_ms":581}
[2026-04-20 19:23:05] sync.INFO: PS stock fetch progress {"processed":250,"total":604}
[2026-04-20 19:23:06] sync.INFO: PS API GET ok {"path":"stock_availables/251","status":200,"elapsed_ms":921}
[2026-04-20 19:23:07] sync.INFO: PS API GET ok {"path":"stock_availables/252","status":200,"elapsed_ms":575}
[2026-04-20 19:23:07] sync.INFO: PS API GET ok {"path":"stock_availables/253","status":200,"elapsed_ms":556}
[2026-04-20 19:23:08] sync.INFO: PS API GET ok {"path":"stock_availables/254","status":200,"elapsed_ms":742}
[2026-04-20 19:23:09] sync.INFO: PS API GET ok {"path":"stock_availables/256","status":200,"elapsed_ms":707}
[2026-04-20 19:23:10] sync.INFO: PS API GET ok {"path":"stock_availables/255","status":200,"elapsed_ms":983}
[2026-04-20 19:23:10] sync.INFO: PS API GET ok {"path":"stock_availables/257","status":200,"elapsed_ms":519}
[2026-04-20 19:23:11] sync.INFO: PS API GET ok {"path":"stock_availables/262","status":200,"elapsed_ms":566}
[2026-04-20 19:23:11] sync.INFO: PS API GET ok {"path":"stock_availables/258","status":200,"elapsed_ms":500}
[2026-04-20 19:23:12] sync.INFO: PS API GET ok {"path":"stock_availables/259","status":200,"elapsed_ms":538}
[2026-04-20 19:23:12] sync.INFO: PS API GET ok {"path":"stock_availables/260","status":200,"elapsed_ms":496}
[2026-04-20 19:23:13] sync.INFO: PS API GET ok {"path":"stock_availables/261","status":200,"elapsed_ms":545}
[2026-04-20 19:23:13] sync.INFO: PS API GET ok {"path":"stock_availables/263","status":200,"elapsed_ms":532}
[2026-04-20 19:23:14] sync.INFO: PS API GET ok {"path":"stock_availables/264","status":200,"elapsed_ms":561}
[2026-04-20 19:23:15] sync.INFO: PS API GET ok {"path":"stock_availables/265","status":200,"elapsed_ms":678}
[2026-04-20 19:23:15] sync.INFO: PS API GET ok {"path":"stock_availables/266","status":200,"elapsed_ms":516}
[2026-04-20 19:23:16] sync.INFO: PS API GET ok {"path":"stock_availables/267","status":200,"elapsed_ms":925}
[2026-04-20 19:23:17] sync.INFO: PS API GET ok {"path":"stock_availables/268","status":200,"elapsed_ms":523}
[2026-04-20 19:23:17] sync.INFO: PS API GET ok {"path":"stock_availables/269","status":200,"elapsed_ms":530}
[2026-04-20 19:23:18] sync.INFO: PS API GET ok {"path":"stock_availables/270","status":200,"elapsed_ms":539}
[2026-04-20 19:23:18] sync.INFO: PS API GET ok {"path":"stock_availables/271","status":200,"elapsed_ms":523}
[2026-04-20 19:23:19] sync.INFO: PS API GET ok {"path":"stock_availables/272","status":200,"elapsed_ms":542}
[2026-04-20 19:23:19] sync.INFO: PS API GET ok {"path":"stock_availables/273","status":200,"elapsed_ms":524}
[2026-04-20 19:23:20] sync.INFO: PS API GET ok {"path":"stock_availables/274","status":200,"elapsed_ms":519}
[2026-04-20 19:23:20] sync.INFO: PS API GET ok {"path":"stock_availables/275","status":200,"elapsed_ms":531}
[2026-04-20 19:23:21] sync.INFO: PS API GET ok {"path":"stock_availables/277","status":200,"elapsed_ms":550}
[2026-04-20 19:23:21] sync.INFO: PS API GET ok {"path":"stock_availables/276","status":200,"elapsed_ms":538}
[2026-04-20 19:23:22] sync.INFO: PS API GET ok {"path":"stock_availables/278","status":200,"elapsed_ms":646}
[2026-04-20 19:23:23] sync.INFO: PS API GET ok {"path":"stock_availables/281","status":200,"elapsed_ms":644}
[2026-04-20 19:23:24] sync.INFO: PS API GET ok {"path":"stock_availables/279","status":200,"elapsed_ms":938}
[2026-04-20 19:23:25] sync.INFO: PS API GET ok {"path":"stock_availables/280","status":200,"elapsed_ms":1071}
[2026-04-20 19:23:26] sync.INFO: PS API GET ok {"path":"stock_availables/282","status":200,"elapsed_ms":1282}
[2026-04-20 19:23:29] sync.INFO: PS API GET ok {"path":"stock_availables/283","status":200,"elapsed_ms":2619}
[2026-04-20 19:23:30] sync.INFO: PS API GET ok {"path":"stock_availables/284","status":200,"elapsed_ms":1588}
[2026-04-20 19:23:32] sync.INFO: PS API GET ok {"path":"stock_availables/285","status":200,"elapsed_ms":1778}
[2026-04-20 19:23:33] sync.INFO: PS API GET ok {"path":"stock_availables/286","status":200,"elapsed_ms":769}
[2026-04-20 19:23:35] sync.INFO: PS API GET ok {"path":"stock_availables/287","status":200,"elapsed_ms":2277}
[2026-04-20 19:23:39] sync.INFO: PS API GET ok {"path":"stock_availables/288","status":200,"elapsed_ms":4155}
[2026-04-20 19:23:40] sync.INFO: PS API GET ok {"path":"stock_availables/289","status":200,"elapsed_ms":1238}
[2026-04-20 19:23:42] sync.INFO: PS API GET ok {"path":"stock_availables/290","status":200,"elapsed_ms":1102}
[2026-04-20 19:23:42] sync.INFO: PS API GET ok {"path":"stock_availables/291","status":200,"elapsed_ms":691}
[2026-04-20 19:23:43] sync.INFO: PS API GET ok {"path":"stock_availables/292","status":200,"elapsed_ms":1013}
[2026-04-20 19:23:44] sync.INFO: PS API GET ok {"path":"stock_availables/293","status":200,"elapsed_ms":685}
[2026-04-20 19:23:45] sync.INFO: PS API GET ok {"path":"stock_availables/294","status":200,"elapsed_ms":602}
[2026-04-20 19:23:48] sync.INFO: PS API GET ok {"path":"stock_availables/295","status":200,"elapsed_ms":3845}
[2026-04-20 19:23:50] sync.INFO: PS API GET ok {"path":"stock_availables/296","status":200,"elapsed_ms":1954}
[2026-04-20 19:23:51] sync.INFO: PS API GET ok {"path":"stock_availables/297","status":200,"elapsed_ms":799}
[2026-04-20 19:23:52] sync.INFO: PS API GET ok {"path":"stock_availables/298","status":200,"elapsed_ms":594}
[2026-04-20 19:23:53] sync.INFO: PS API GET ok {"path":"stock_availables/299","status":200,"elapsed_ms":1421}
[2026-04-20 19:23:56] sync.INFO: PS API GET ok {"path":"stock_availables/300","status":200,"elapsed_ms":2311}
[2026-04-20 19:23:56] sync.INFO: PS stock fetch progress {"processed":300,"total":604}
[2026-04-20 19:23:59] sync.INFO: PS API GET ok {"path":"stock_availables/301","status":200,"elapsed_ms":3881}
[2026-04-20 19:24:03] sync.INFO: PS API GET ok {"path":"stock_availables/302","status":200,"elapsed_ms":3995}
[2026-04-20 19:24:04] sync.INFO: PS API GET ok {"path":"stock_availables/307","status":200,"elapsed_ms":791}
[2026-04-20 19:24:05] sync.INFO: PS API GET ok {"path":"stock_availables/303","status":200,"elapsed_ms":572}
[2026-04-20 19:24:08] sync.INFO: PS API GET ok {"path":"stock_availables/304","status":200,"elapsed_ms":3450}
[2026-04-20 19:24:09] sync.INFO: PS API GET ok {"path":"stock_availables/305","status":200,"elapsed_ms":1003}
[2026-04-20 19:24:10] sync.INFO: PS API GET ok {"path":"stock_availables/306","status":200,"elapsed_ms":842}
[2026-04-20 19:24:11] sync.INFO: PS API GET ok {"path":"stock_availables/308","status":200,"elapsed_ms":604}
[2026-04-20 19:24:12] sync.INFO: PS API GET ok {"path":"stock_availables/310","status":200,"elapsed_ms":1622}
[2026-04-20 19:24:14] sync.INFO: PS API GET ok {"path":"stock_availables/309","status":200,"elapsed_ms":1352}
[2026-04-20 19:24:14] sync.INFO: PS API GET ok {"path":"stock_availables/311","status":200,"elapsed_ms":595}
[2026-04-20 19:24:15] sync.INFO: PS API GET ok {"path":"stock_availables/319","status":200,"elapsed_ms":537}
[2026-04-20 19:24:16] sync.INFO: PS API GET ok {"path":"stock_availables/312","status":200,"elapsed_ms":848}
[2026-04-20 19:24:16] sync.INFO: PS API GET ok {"path":"stock_availables/313","status":200,"elapsed_ms":595}
[2026-04-20 19:24:17] sync.INFO: PS API GET ok {"path":"stock_availables/314","status":200,"elapsed_ms":616}
[2026-04-20 19:24:17] sync.INFO: PS API GET ok {"path":"stock_availables/315","status":200,"elapsed_ms":552}
[2026-04-20 19:24:18] sync.INFO: PS API GET ok {"path":"stock_availables/316","status":200,"elapsed_ms":616}
[2026-04-20 19:24:19] sync.INFO: PS API GET ok {"path":"stock_availables/317","status":200,"elapsed_ms":549}
[2026-04-20 19:24:39] sync.WARNING: Retry 1/3 for [stock-price-sync-targeted] {"error":"cURL error 28: Operation timed out after 20001 milliseconds with 0 bytes received (see https://curl.haxx.se/libcurl/c/libcurl-errors.html) for https://scr-wear.com/api/stock_availables/318?output_format=JSON","exception_class":"GuzzleHttp\\Exception\\ConnectException","delay_ms":500,"retryable":true,"http_status":null}
[2026-04-20 19:24:39] sync.INFO: ProductSync::syncStockAndPriceForProductIds started {"product_count":1}
[2026-04-20 19:24:39] sync.INFO: PS stock fetch started 
[2026-04-20 19:24:40] sync.INFO: PS stock ids fetched {"count":604}
[2026-04-20 19:24:41] sync.INFO: PS API GET ok {"path":"stock_availables/1","status":200,"elapsed_ms":286}
[2026-04-20 19:24:41] sync.INFO: PS API GET ok {"path":"stock_availables/2","status":200,"elapsed_ms":276}
[2026-04-20 19:24:41] sync.INFO: PS API GET ok {"path":"stock_availables/3","status":200,"elapsed_ms":291}
[2026-04-20 19:24:42] sync.INFO: PS API GET ok {"path":"stock_availables/7","status":200,"elapsed_ms":302}
[2026-04-20 19:24:42] sync.INFO: PS API GET ok {"path":"stock_availables/4","status":200,"elapsed_ms":291}
[2026-04-20 19:24:42] sync.INFO: PS API GET ok {"path":"stock_availables/5","status":200,"elapsed_ms":286}
[2026-04-20 19:24:43] sync.INFO: PS API GET ok {"path":"stock_availables/6","status":200,"elapsed_ms":409}
[2026-04-20 19:24:43] sync.INFO: PS API GET ok {"path":"stock_availables/8","status":200,"elapsed_ms":294}
[2026-04-20 19:24:43] sync.INFO: PS API GET ok {"path":"stock_availables/13","status":200,"elapsed_ms":292}
[2026-04-20 19:24:44] sync.INFO: PS API GET ok {"path":"stock_availables/9","status":200,"elapsed_ms":338}
[2026-04-20 19:24:44] sync.INFO: PS API GET ok {"path":"stock_availables/10","status":200,"elapsed_ms":320}
[2026-04-20 19:24:44] sync.INFO: PS API GET ok {"path":"stock_availables/11","status":200,"elapsed_ms":289}
[2026-04-20 19:24:44] sync.INFO: PS API GET ok {"path":"stock_availables/12","status":200,"elapsed_ms":288}
[2026-04-20 19:24:45] sync.INFO: PS API GET ok {"path":"stock_availables/14","status":200,"elapsed_ms":289}
[2026-04-20 19:24:45] sync.INFO: PS API GET ok {"path":"stock_availables/19","status":200,"elapsed_ms":454}
[2026-04-20 19:24:46] sync.INFO: PS API GET ok {"path":"stock_availables/15","status":200,"elapsed_ms":318}
[2026-04-20 19:24:46] sync.INFO: PS API GET ok {"path":"stock_availables/16","status":200,"elapsed_ms":365}
[2026-04-20 19:24:46] sync.INFO: PS API GET ok {"path":"stock_availables/17","status":200,"elapsed_ms":327}
[2026-04-20 19:24:47] sync.INFO: PS API GET ok {"path":"stock_availables/18","status":200,"elapsed_ms":329}
[2026-04-20 19:24:47] sync.INFO: PS API GET ok {"path":"stock_availables/20","status":200,"elapsed_ms":411}
[2026-04-20 19:24:48] sync.INFO: PS API GET ok {"path":"stock_availables/25","status":200,"elapsed_ms":571}
[2026-04-20 19:24:48] sync.INFO: PS API GET ok {"path":"stock_availables/21","status":200,"elapsed_ms":289}
[2026-04-20 19:24:48] sync.INFO: PS API GET ok {"path":"stock_availables/22","status":200,"elapsed_ms":298}
[2026-04-20 19:24:48] sync.INFO: PS API GET ok {"path":"stock_availables/23","status":200,"elapsed_ms":287}
[2026-04-20 19:24:49] sync.INFO: PS API GET ok {"path":"stock_availables/24","status":200,"elapsed_ms":362}
[2026-04-20 19:24:49] sync.INFO: PS API GET ok {"path":"stock_availables/26","status":200,"elapsed_ms":635}
[2026-04-20 19:24:50] sync.INFO: PS API GET ok {"path":"stock_availables/31","status":200,"elapsed_ms":327}
[2026-04-20 19:24:50] sync.INFO: PS API GET ok {"path":"stock_availables/27","status":200,"elapsed_ms":335}
[2026-04-20 19:24:50] sync.INFO: PS API GET ok {"path":"stock_availables/28","status":200,"elapsed_ms":328}
[2026-04-20 19:24:51] sync.INFO: PS API GET ok {"path":"stock_availables/29","status":200,"elapsed_ms":328}
[2026-04-20 19:24:51] sync.INFO: PS API GET ok {"path":"stock_availables/30","status":200,"elapsed_ms":320}
[2026-04-20 19:24:52] sync.INFO: PS API GET ok {"path":"stock_availables/32","status":200,"elapsed_ms":899}
[2026-04-20 19:24:52] sync.INFO: PS API GET ok {"path":"stock_availables/37","status":200,"elapsed_ms":287}
[2026-04-20 19:24:53] sync.INFO: PS API GET ok {"path":"stock_availables/33","status":200,"elapsed_ms":297}
[2026-04-20 19:24:53] sync.INFO: PS API GET ok {"path":"stock_availables/34","status":200,"elapsed_ms":643}
[2026-04-20 19:24:53] sync.INFO: PS API GET ok {"path":"stock_availables/35","status":200,"elapsed_ms":299}
[2026-04-20 19:24:54] sync.INFO: PS API GET ok {"path":"stock_availables/36","status":200,"elapsed_ms":349}
[2026-04-20 19:24:54] sync.INFO: PS API GET ok {"path":"stock_availables/38","status":200,"elapsed_ms":302}
[2026-04-20 19:24:54] sync.INFO: PS API GET ok {"path":"stock_availables/43","status":200,"elapsed_ms":306}
[2026-04-20 19:24:55] sync.INFO: PS API GET ok {"path":"stock_availables/39","status":200,"elapsed_ms":296}
[2026-04-20 19:24:55] sync.INFO: PS API GET ok {"path":"stock_availables/40","status":200,"elapsed_ms":628}
[2026-04-20 19:24:56] sync.INFO: PS API GET ok {"path":"stock_availables/41","status":200,"elapsed_ms":320}
[2026-04-20 19:24:56] sync.INFO: PS API GET ok {"path":"stock_availables/42","status":200,"elapsed_ms":307}
[2026-04-20 19:24:56] sync.INFO: PS API GET ok {"path":"stock_availables/602","status":200,"elapsed_ms":279}
[2026-04-20 19:24:57] sync.INFO: PS API GET ok {"path":"stock_availables/50","status":200,"elapsed_ms":275}
[2026-04-20 19:24:57] sync.INFO: PS API GET ok {"path":"stock_availables/55","status":200,"elapsed_ms":325}
[2026-04-20 19:24:58] sync.INFO: PS API GET ok {"path":"stock_availables/51","status":200,"elapsed_ms":703}
[2026-04-20 19:24:59] sync.INFO: PS API GET ok {"path":"stock_availables/52","status":200,"elapsed_ms":1010}
[2026-04-20 19:24:59] sync.INFO: PS API GET ok {"path":"stock_availables/53","status":200,"elapsed_ms":356}
[2026-04-20 19:24:59] sync.INFO: PS API GET ok {"path":"stock_availables/54","status":200,"elapsed_ms":297}
[2026-04-20 19:24:59] sync.INFO: PS stock fetch progress {"processed":50,"total":604}
[2026-04-20 19:25:00] sync.INFO: PS API GET ok {"path":"stock_availables/56","status":200,"elapsed_ms":292}
[2026-04-20 19:25:00] sync.INFO: PS API GET ok {"path":"stock_availables/61","status":200,"elapsed_ms":299}
[2026-04-20 19:25:00] sync.INFO: PS API GET ok {"path":"stock_availables/57","status":200,"elapsed_ms":310}
[2026-04-20 19:25:01] sync.INFO: PS API GET ok {"path":"stock_availables/58","status":200,"elapsed_ms":666}
[2026-04-20 19:25:01] sync.INFO: PS API GET ok {"path":"stock_availables/59","status":200,"elapsed_ms":524}
[2026-04-20 19:25:02] sync.INFO: PS API GET ok {"path":"stock_availables/60","status":200,"elapsed_ms":367}
[2026-04-20 19:25:02] sync.INFO: PS API GET ok {"path":"stock_availables/62","status":200,"elapsed_ms":314}
[2026-04-20 19:25:02] sync.INFO: PS API GET ok {"path":"stock_availables/67","status":200,"elapsed_ms":295}
[2026-04-20 19:25:03] sync.INFO: PS API GET ok {"path":"stock_availables/63","status":200,"elapsed_ms":264}
[2026-04-20 19:25:03] sync.INFO: PS API GET ok {"path":"stock_availables/64","status":200,"elapsed_ms":355}
[2026-04-20 19:25:03] sync.INFO: PS API GET ok {"path":"stock_availables/65","status":200,"elapsed_ms":280}
[2026-04-20 19:25:03] sync.INFO: PS API GET ok {"path":"stock_availables/66","status":200,"elapsed_ms":266}
[2026-04-20 19:25:04] sync.INFO: PS API GET ok {"path":"stock_availables/68","status":200,"elapsed_ms":299}
[2026-04-20 19:25:05] sync.INFO: PS API GET ok {"path":"stock_availables/73","status":200,"elapsed_ms":800}
[2026-04-20 19:25:05] sync.INFO: PS API GET ok {"path":"stock_availables/69","status":200,"elapsed_ms":348}
[2026-04-20 19:25:05] sync.INFO: PS API GET ok {"path":"stock_availables/70","status":200,"elapsed_ms":461}
[2026-04-20 19:25:06] sync.INFO: PS API GET ok {"path":"stock_availables/71","status":200,"elapsed_ms":369}
[2026-04-20 19:25:06] sync.INFO: PS API GET ok {"path":"stock_availables/72","status":200,"elapsed_ms":284}
[2026-04-20 19:25:06] sync.INFO: PS API GET ok {"path":"stock_availables/74","status":200,"elapsed_ms":296}
[2026-04-20 19:25:07] sync.INFO: PS API GET ok {"path":"stock_availables/75","status":200,"elapsed_ms":307}
[2026-04-20 19:25:07] sync.INFO: PS API GET ok {"path":"stock_availables/84","status":200,"elapsed_ms":300}
[2026-04-20 19:25:07] sync.INFO: PS API GET ok {"path":"stock_availables/76","status":200,"elapsed_ms":294}
[2026-04-20 19:25:08] sync.INFO: PS API GET ok {"path":"stock_availables/77","status":200,"elapsed_ms":339}
[2026-04-20 19:25:08] sync.INFO: PS API GET ok {"path":"stock_availables/78","status":200,"elapsed_ms":466}
[2026-04-20 19:25:08] sync.INFO: PS API GET ok {"path":"stock_availables/79","status":200,"elapsed_ms":291}
[2026-04-20 19:25:09] sync.INFO: PS API GET ok {"path":"stock_availables/80","status":200,"elapsed_ms":319}
[2026-04-20 19:25:09] sync.INFO: PS API GET ok {"path":"stock_availables/81","status":200,"elapsed_ms":309}
[2026-04-20 19:25:09] sync.INFO: PS API GET ok {"path":"stock_availables/82","status":200,"elapsed_ms":271}
[2026-04-20 19:25:10] sync.INFO: PS API GET ok {"path":"stock_availables/83","status":200,"elapsed_ms":353}
[2026-04-20 19:25:10] sync.INFO: PS API GET ok {"path":"stock_availables/85","status":200,"elapsed_ms":350}
[2026-04-20 19:25:10] sync.INFO: PS API GET ok {"path":"stock_availables/90","status":200,"elapsed_ms":301}
[2026-04-20 19:25:11] sync.INFO: PS API GET ok {"path":"stock_availables/86","status":200,"elapsed_ms":797}
[2026-04-20 19:25:11] sync.INFO: PS API GET ok {"path":"stock_availables/87","status":200,"elapsed_ms":321}
[2026-04-20 19:25:12] sync.INFO: PS API GET ok {"path":"stock_availables/88","status":200,"elapsed_ms":277}
[2026-04-20 19:25:12] sync.INFO: PS API GET ok {"path":"stock_availables/89","status":200,"elapsed_ms":364}
[2026-04-20 19:25:12] sync.INFO: PS API GET ok {"path":"stock_availables/91","status":200,"elapsed_ms":360}
[2026-04-20 19:25:13] sync.INFO: PS API GET ok {"path":"stock_availables/96","status":200,"elapsed_ms":301}
[2026-04-20 19:25:13] sync.INFO: PS API GET ok {"path":"stock_availables/92","status":200,"elapsed_ms":585}
[2026-04-20 19:25:14] sync.INFO: PS API GET ok {"path":"stock_availables/93","status":200,"elapsed_ms":306}
[2026-04-20 19:25:14] sync.INFO: PS API GET ok {"path":"stock_availables/94","status":200,"elapsed_ms":305}
[2026-04-20 19:25:14] sync.INFO: PS API GET ok {"path":"stock_availables/95","status":200,"elapsed_ms":316}
[2026-04-20 19:25:14] sync.INFO: PS API GET ok {"path":"stock_availables/97","status":200,"elapsed_ms":305}
[2026-04-20 19:25:15] sync.INFO: PS API GET ok {"path":"stock_availables/102","status":200,"elapsed_ms":290}
[2026-04-20 19:25:15] sync.INFO: PS API GET ok {"path":"stock_availables/98","status":200,"elapsed_ms":292}
[2026-04-20 19:25:15] sync.INFO: PS API GET ok {"path":"stock_availables/99","status":200,"elapsed_ms":371}
[2026-04-20 19:25:16] sync.INFO: PS API GET ok {"path":"stock_availables/100","status":200,"elapsed_ms":302}
[2026-04-20 19:25:16] sync.INFO: PS API GET ok {"path":"stock_availables/101","status":200,"elapsed_ms":304}
[2026-04-20 19:25:16] sync.INFO: PS API GET ok {"path":"stock_availables/103","status":200,"elapsed_ms":294}
[2026-04-20 19:25:17] sync.INFO: PS API GET ok {"path":"stock_availables/108","status":200,"elapsed_ms":305}
[2026-04-20 19:25:17] sync.INFO: PS API GET ok {"path":"stock_availables/104","status":200,"elapsed_ms":461}
[2026-04-20 19:25:17] sync.INFO: PS stock fetch progress {"processed":100,"total":604}
[2026-04-20 19:25:17] sync.INFO: PS API GET ok {"path":"stock_availables/105","status":200,"elapsed_ms":266}
[2026-04-20 19:25:18] sync.INFO: PS API GET ok {"path":"stock_availables/106","status":200,"elapsed_ms":292}
[2026-04-20 19:25:18] sync.INFO: PS API GET ok {"path":"stock_availables/107","status":200,"elapsed_ms":296}
[2026-04-20 19:25:18] sync.INFO: PS API GET ok {"path":"stock_availables/109","status":200,"elapsed_ms":274}
[2026-04-20 19:25:18] sync.INFO: PS API GET ok {"path":"stock_availables/114","status":200,"elapsed_ms":285}
[2026-04-20 19:25:19] sync.INFO: PS API GET ok {"path":"stock_availables/110","status":200,"elapsed_ms":405}
[2026-04-20 19:25:19] sync.INFO: PS API GET ok {"path":"stock_availables/111","status":200,"elapsed_ms":323}
[2026-04-20 19:25:20] sync.INFO: PS API GET ok {"path":"stock_availables/112","status":200,"elapsed_ms":320}
[2026-04-20 19:25:20] sync.INFO: PS API GET ok {"path":"stock_availables/113","status":200,"elapsed_ms":304}
[2026-04-20 19:25:20] sync.INFO: PS API GET ok {"path":"stock_availables/115","status":200,"elapsed_ms":434}
[2026-04-20 19:25:21] sync.INFO: PS API GET ok {"path":"stock_availables/121","status":200,"elapsed_ms":297}
[2026-04-20 19:25:21] sync.INFO: PS API GET ok {"path":"stock_availables/116","status":200,"elapsed_ms":314}
[2026-04-20 19:25:21] sync.INFO: PS API GET ok {"path":"stock_availables/117","status":200,"elapsed_ms":288}
[2026-04-20 19:25:21] sync.INFO: PS API GET ok {"path":"stock_availables/118","status":200,"elapsed_ms":300}
[2026-04-20 19:25:22] sync.INFO: PS API GET ok {"path":"stock_availables/119","status":200,"elapsed_ms":292}
[2026-04-20 19:25:22] sync.INFO: PS API GET ok {"path":"stock_availables/120","status":200,"elapsed_ms":283}
[2026-04-20 19:25:23] sync.INFO: PS API GET ok {"path":"stock_availables/122","status":200,"elapsed_ms":459}
[2026-04-20 19:25:23] sync.INFO: PS API GET ok {"path":"stock_availables/127","status":200,"elapsed_ms":319}
[2026-04-20 19:25:23] sync.INFO: PS API GET ok {"path":"stock_availables/123","status":200,"elapsed_ms":304}
[2026-04-20 19:25:24] sync.INFO: PS API GET ok {"path":"stock_availables/124","status":200,"elapsed_ms":451}
[2026-04-20 19:25:24] sync.INFO: PS API GET ok {"path":"stock_availables/125","status":200,"elapsed_ms":289}
[2026-04-20 19:25:24] sync.INFO: PS API GET ok {"path":"stock_availables/126","status":200,"elapsed_ms":268}
[2026-04-20 19:25:24] sync.INFO: PS API GET ok {"path":"stock_availables/128","status":200,"elapsed_ms":280}
[2026-04-20 19:25:25] sync.INFO: PS API GET ok {"path":"stock_availables/133","status":200,"elapsed_ms":338}
[2026-04-20 19:25:25] sync.INFO: PS API GET ok {"path":"stock_availables/129","status":200,"elapsed_ms":273}
[2026-04-20 19:25:25] sync.INFO: PS API GET ok {"path":"stock_availables/130","status":200,"elapsed_ms":302}
[2026-04-20 19:25:26] sync.INFO: PS API GET ok {"path":"stock_availables/131","status":200,"elapsed_ms":326}
[2026-04-20 19:25:26] sync.INFO: PS API GET ok {"path":"stock_availables/132","status":200,"elapsed_ms":305}
[2026-04-20 19:25:26] sync.INFO: PS API GET ok {"path":"stock_availables/134","status":200,"elapsed_ms":272}
[2026-04-20 19:25:27] sync.INFO: PS API GET ok {"path":"stock_availables/139","status":200,"elapsed_ms":297}
[2026-04-20 19:25:27] sync.INFO: PS API GET ok {"path":"stock_availables/135","status":200,"elapsed_ms":311}
[2026-04-20 19:25:27] sync.INFO: PS API GET ok {"path":"stock_availables/136","status":200,"elapsed_ms":318}
[2026-04-20 19:25:27] sync.INFO: PS API GET ok {"path":"stock_availables/137","status":200,"elapsed_ms":284}
[2026-04-20 19:25:28] sync.INFO: PS API GET ok {"path":"stock_availables/138","status":200,"elapsed_ms":398}
[2026-04-20 19:25:28] sync.INFO: PS API GET ok {"path":"stock_availables/140","status":200,"elapsed_ms":325}
[2026-04-20 19:25:29] sync.INFO: PS API GET ok {"path":"stock_availables/145","status":200,"elapsed_ms":337}
[2026-04-20 19:25:29] sync.INFO: PS API GET ok {"path":"stock_availables/141","status":200,"elapsed_ms":390}
[2026-04-20 19:25:29] sync.INFO: PS API GET ok {"path":"stock_availables/142","status":200,"elapsed_ms":258}
[2026-04-20 19:25:31] sync.INFO: PS API GET ok {"path":"stock_availables/143","status":200,"elapsed_ms":1355}
[2026-04-20 19:25:31] sync.INFO: PS API GET ok {"path":"stock_availables/144","status":200,"elapsed_ms":304}
[2026-04-20 19:25:31] sync.INFO: PS API GET ok {"path":"stock_availables/146","status":200,"elapsed_ms":493}
[2026-04-20 19:25:32] sync.INFO: PS API GET ok {"path":"stock_availables/151","status":200,"elapsed_ms":419}
[2026-04-20 19:25:33] sync.INFO: PS API GET ok {"path":"stock_availables/147","status":200,"elapsed_ms":931}
[2026-04-20 19:25:34] sync.INFO: PS API GET ok {"path":"stock_availables/148","status":200,"elapsed_ms":952}
[2026-04-20 19:25:34] sync.INFO: PS API GET ok {"path":"stock_availables/149","status":200,"elapsed_ms":324}
[2026-04-20 19:25:34] sync.INFO: PS API GET ok {"path":"stock_availables/150","status":200,"elapsed_ms":302}
[2026-04-20 19:25:35] sync.INFO: PS API GET ok {"path":"stock_availables/152","status":200,"elapsed_ms":575}
[2026-04-20 19:25:35] sync.INFO: PS API GET ok {"path":"stock_availables/153","status":200,"elapsed_ms":388}
[2026-04-20 19:25:36] sync.INFO: PS API GET ok {"path":"stock_availables/154","status":200,"elapsed_ms":291}
[2026-04-20 19:25:36] sync.INFO: PS API GET ok {"path":"stock_availables/157","status":200,"elapsed_ms":345}
[2026-04-20 19:25:36] sync.INFO: PS stock fetch progress {"processed":150,"total":604}
[2026-04-20 19:25:36] sync.INFO: PS API GET ok {"path":"stock_availables/155","status":200,"elapsed_ms":559}
[2026-04-20 19:25:37] sync.INFO: PS API GET ok {"path":"stock_availables/156","status":200,"elapsed_ms":302}
[2026-04-20 19:25:37] sync.INFO: PS API GET ok {"path":"stock_availables/158","status":200,"elapsed_ms":301}
[2026-04-20 19:25:37] sync.INFO: PS API GET ok {"path":"stock_availables/159","status":200,"elapsed_ms":316}
[2026-04-20 19:25:38] sync.INFO: PS API GET ok {"path":"stock_availables/603","status":200,"elapsed_ms":285}
[2026-04-20 19:25:38] sync.INFO: PS API GET ok {"path":"stock_availables/604","status":200,"elapsed_ms":315}
[2026-04-20 19:25:38] sync.INFO: PS API GET ok {"path":"stock_availables/605","status":200,"elapsed_ms":286}
[2026-04-20 19:25:39] sync.INFO: PS API GET ok {"path":"stock_availables/606","status":200,"elapsed_ms":501}
[2026-04-20 19:25:39] sync.INFO: PS API GET ok {"path":"stock_availables/607","status":200,"elapsed_ms":291}
[2026-04-20 19:25:39] sync.INFO: PS API GET ok {"path":"stock_availables/160","status":200,"elapsed_ms":330}
[2026-04-20 19:25:40] sync.INFO: PS API GET ok {"path":"stock_availables/170","status":200,"elapsed_ms":297}
[2026-04-20 19:25:40] sync.INFO: PS API GET ok {"path":"stock_availables/161","status":200,"elapsed_ms":309}
[2026-04-20 19:25:40] sync.INFO: PS API GET ok {"path":"stock_availables/162","status":200,"elapsed_ms":294}
[2026-04-20 19:25:41] sync.INFO: PS API GET ok {"path":"stock_availables/163","status":200,"elapsed_ms":268}
[2026-04-20 19:25:41] sync.INFO: PS API GET ok {"path":"stock_availables/164","status":200,"elapsed_ms":301}
[2026-04-20 19:25:41] sync.INFO: PS API GET ok {"path":"stock_availables/165","status":200,"elapsed_ms":402}
[2026-04-20 19:25:42] sync.INFO: PS API GET ok {"path":"stock_availables/166","status":200,"elapsed_ms":290}
[2026-04-20 19:25:42] sync.INFO: PS API GET ok {"path":"stock_availables/167","status":200,"elapsed_ms":302}
[2026-04-20 19:25:42] sync.INFO: PS API GET ok {"path":"stock_availables/168","status":200,"elapsed_ms":422}
[2026-04-20 19:25:43] sync.INFO: PS API GET ok {"path":"stock_availables/169","status":200,"elapsed_ms":552}
[2026-04-20 19:25:43] sync.INFO: PS API GET ok {"path":"stock_availables/171","status":200,"elapsed_ms":275}
[2026-04-20 19:25:43] sync.INFO: PS API GET ok {"path":"stock_availables/181","status":200,"elapsed_ms":287}
[2026-04-20 19:25:44] sync.INFO: PS API GET ok {"path":"stock_availables/172","status":200,"elapsed_ms":289}
[2026-04-20 19:25:44] sync.INFO: PS API GET ok {"path":"stock_availables/173","status":200,"elapsed_ms":408}
[2026-04-20 19:25:44] sync.INFO: PS API GET ok {"path":"stock_availables/174","status":200,"elapsed_ms":289}
[2026-04-20 19:25:45] sync.INFO: PS API GET ok {"path":"stock_availables/175","status":200,"elapsed_ms":321}
[2026-04-20 19:25:45] sync.INFO: PS API GET ok {"path":"stock_availables/176","status":200,"elapsed_ms":562}
[2026-04-20 19:25:45] sync.INFO: PS API GET ok {"path":"stock_availables/177","status":200,"elapsed_ms":272}
[2026-04-20 19:25:46] sync.INFO: PS API GET ok {"path":"stock_availables/178","status":200,"elapsed_ms":289}
[2026-04-20 19:25:46] sync.INFO: PS API GET ok {"path":"stock_availables/179","status":200,"elapsed_ms":303}
[2026-04-20 19:25:46] sync.INFO: PS API GET ok {"path":"stock_availables/180","status":200,"elapsed_ms":263}
[2026-04-20 19:25:47] sync.INFO: PS API GET ok {"path":"stock_availables/182","status":200,"elapsed_ms":302}
[2026-04-20 19:25:47] sync.INFO: PS API GET ok {"path":"stock_availables/187","status":200,"elapsed_ms":284}
[2026-04-20 19:25:47] sync.INFO: PS API GET ok {"path":"stock_availables/183","status":200,"elapsed_ms":285}
[2026-04-20 19:25:48] sync.INFO: PS API GET ok {"path":"stock_availables/184","status":200,"elapsed_ms":305}
[2026-04-20 19:25:48] sync.INFO: PS API GET ok {"path":"stock_availables/185","status":200,"elapsed_ms":379}
[2026-04-20 19:25:48] sync.INFO: PS API GET ok {"path":"stock_availables/186","status":200,"elapsed_ms":330}
[2026-04-20 19:25:49] sync.INFO: PS API GET ok {"path":"stock_availables/188","status":200,"elapsed_ms":319}
[2026-04-20 19:25:49] sync.INFO: PS API GET ok {"path":"stock_availables/193","status":200,"elapsed_ms":584}
[2026-04-20 19:25:49] sync.INFO: PS API GET ok {"path":"stock_availables/189","status":200,"elapsed_ms":277}
[2026-04-20 19:25:50] sync.INFO: PS API GET ok {"path":"stock_availables/190","status":200,"elapsed_ms":297}
[2026-04-20 19:25:50] sync.INFO: PS API GET ok {"path":"stock_availables/191","status":200,"elapsed_ms":305}
[2026-04-20 19:25:50] sync.INFO: PS API GET ok {"path":"stock_availables/192","status":200,"elapsed_ms":324}
[2026-04-20 19:25:51] sync.INFO: PS API GET ok {"path":"stock_availables/194","status":200,"elapsed_ms":283}
[2026-04-20 19:25:51] sync.INFO: PS API GET ok {"path":"stock_availables/199","status":200,"elapsed_ms":291}
[2026-04-20 19:25:51] sync.INFO: PS API GET ok {"path":"stock_availables/195","status":200,"elapsed_ms":278}
[2026-04-20 19:25:51] sync.INFO: PS API GET ok {"path":"stock_availables/196","status":200,"elapsed_ms":263}
[2026-04-20 19:25:52] sync.INFO: PS API GET ok {"path":"stock_availables/197","status":200,"elapsed_ms":276}
[2026-04-20 19:25:52] sync.INFO: PS API GET ok {"path":"stock_availables/198","status":200,"elapsed_ms":279}
[2026-04-20 19:25:52] sync.INFO: PS API GET ok {"path":"stock_availables/200","status":200,"elapsed_ms":297}
[2026-04-20 19:25:52] sync.INFO: PS stock fetch progress {"processed":200,"total":604}
[2026-04-20 19:25:53] sync.INFO: PS API GET ok {"path":"stock_availables/205","status":200,"elapsed_ms":337}
[2026-04-20 19:25:53] sync.INFO: PS API GET ok {"path":"stock_availables/201","status":200,"elapsed_ms":311}
[2026-04-20 19:25:53] sync.INFO: PS API GET ok {"path":"stock_availables/202","status":200,"elapsed_ms":299}
[2026-04-20 19:25:54] sync.INFO: PS API GET ok {"path":"stock_availables/203","status":200,"elapsed_ms":307}
[2026-04-20 19:25:54] sync.INFO: PS API GET ok {"path":"stock_availables/204","status":200,"elapsed_ms":293}
[2026-04-20 19:25:54] sync.INFO: PS API GET ok {"path":"stock_availables/206","status":200,"elapsed_ms":399}
[2026-04-20 19:25:55] sync.INFO: PS API GET ok {"path":"stock_availables/207","status":200,"elapsed_ms":333}
[2026-04-20 19:25:55] sync.INFO: PS API GET ok {"path":"stock_availables/208","status":200,"elapsed_ms":351}
[2026-04-20 19:25:56] sync.INFO: PS API GET ok {"path":"stock_availables/209","status":200,"elapsed_ms":763}
[2026-04-20 19:25:56] sync.INFO: PS API GET ok {"path":"stock_availables/215","status":200,"elapsed_ms":523}
[2026-04-20 19:25:57] sync.INFO: PS API GET ok {"path":"stock_availables/210","status":200,"elapsed_ms":294}
[2026-04-20 19:25:57] sync.INFO: PS API GET ok {"path":"stock_availables/211","status":200,"elapsed_ms":299}
[2026-04-20 19:25:57] sync.INFO: PS API GET ok {"path":"stock_availables/212","status":200,"elapsed_ms":296}
[2026-04-20 19:26:17] sync.WARNING: Retry 2/3 for [stock-price-sync-targeted] {"error":"cURL error 28: Operation timed out after 20002 milliseconds with 0 bytes received (see https://curl.haxx.se/libcurl/c/libcurl-errors.html) for https://scr-wear.com/api/stock_availables/213?output_format=JSON","exception_class":"GuzzleHttp\\Exception\\ConnectException","delay_ms":1000,"retryable":true,"http_status":null}
[2026-04-20 19:26:18] sync.INFO: ProductSync::syncStockAndPriceForProductIds started {"product_count":1}
[2026-04-20 19:26:18] sync.INFO: PS stock fetch started 
[2026-04-20 19:26:21] sync.INFO: PS stock ids fetched {"count":604}
[2026-04-20 19:26:22] sync.INFO: PS API GET ok {"path":"stock_availables/1","status":200,"elapsed_ms":868}
[2026-04-20 19:26:22] sync.INFO: PS API GET ok {"path":"stock_availables/2","status":200,"elapsed_ms":866}
[2026-04-20 19:26:24] sync.INFO: PS API GET ok {"path":"stock_availables/3","status":200,"elapsed_ms":1222}
[2026-04-20 19:26:24] sync.INFO: PS API GET ok {"path":"stock_availables/7","status":200,"elapsed_ms":730}
[2026-04-20 19:26:25] sync.INFO: PS API GET ok {"path":"stock_availables/4","status":200,"elapsed_ms":743}
[2026-04-20 19:26:26] sync.INFO: PS API GET ok {"path":"stock_availables/5","status":200,"elapsed_ms":736}
[2026-04-20 19:26:26] sync.INFO: PS API GET ok {"path":"stock_availables/6","status":200,"elapsed_ms":572}
[2026-04-20 19:26:27] sync.INFO: PS API GET ok {"path":"stock_availables/8","status":200,"elapsed_ms":592}
[2026-04-20 19:26:28] sync.INFO: PS API GET ok {"path":"stock_availables/13","status":200,"elapsed_ms":639}
[2026-04-20 19:26:28] sync.INFO: PS API GET ok {"path":"stock_availables/9","status":200,"elapsed_ms":578}
[2026-04-20 19:26:29] sync.INFO: PS API GET ok {"path":"stock_availables/10","status":200,"elapsed_ms":585}
[2026-04-20 19:26:29] sync.INFO: PS API GET ok {"path":"stock_availables/11","status":200,"elapsed_ms":556}
[2026-04-20 19:26:30] sync.INFO: PS API GET ok {"path":"stock_availables/12","status":200,"elapsed_ms":555}
[2026-04-20 19:26:30] sync.INFO: PS API GET ok {"path":"stock_availables/14","status":200,"elapsed_ms":570}
[2026-04-20 19:26:31] sync.INFO: PS API GET ok {"path":"stock_availables/19","status":200,"elapsed_ms":663}
[2026-04-20 19:26:32] sync.INFO: PS API GET ok {"path":"stock_availables/15","status":200,"elapsed_ms":576}
[2026-04-20 19:26:33] sync.INFO: PS API GET ok {"path":"stock_availables/16","status":200,"elapsed_ms":1204}
[2026-04-20 19:26:34] sync.INFO: PS API GET ok {"path":"stock_availables/17","status":200,"elapsed_ms":1436}
[2026-04-20 19:26:35] sync.INFO: PS API GET ok {"path":"stock_availables/18","status":200,"elapsed_ms":989}
[2026-04-20 19:26:36] sync.INFO: PS API GET ok {"path":"stock_availables/20","status":200,"elapsed_ms":632}
[2026-04-20 19:26:37] sync.INFO: PS API GET ok {"path":"stock_availables/25","status":200,"elapsed_ms":569}
[2026-04-20 19:26:37] sync.INFO: PS API GET ok {"path":"stock_availables/21","status":200,"elapsed_ms":560}
[2026-04-20 19:26:39] sync.INFO: PS API GET ok {"path":"stock_availables/22","status":200,"elapsed_ms":1526}
[2026-04-20 19:26:39] sync.INFO: PS API GET ok {"path":"stock_availables/23","status":200,"elapsed_ms":581}
[2026-04-20 19:26:40] sync.INFO: PS API GET ok {"path":"stock_availables/24","status":200,"elapsed_ms":565}
[2026-04-20 19:26:41] sync.INFO: PS API GET ok {"path":"stock_availables/26","status":200,"elapsed_ms":1528}
[2026-04-20 19:26:42] sync.INFO: PS API GET ok {"path":"stock_availables/31","status":200,"elapsed_ms":572}
[2026-04-20 19:26:42] sync.INFO: PS API GET ok {"path":"stock_availables/27","status":200,"elapsed_ms":569}
[2026-04-20 19:26:43] sync.INFO: PS API GET ok {"path":"stock_availables/28","status":200,"elapsed_ms":582}
[2026-04-20 19:26:44] sync.INFO: PS API GET ok {"path":"stock_availables/29","status":200,"elapsed_ms":624}
[2026-04-20 19:26:44] sync.INFO: PS API GET ok {"path":"stock_availables/30","status":200,"elapsed_ms":555}
[2026-04-20 19:26:45] sync.INFO: PS API GET ok {"path":"stock_availables/32","status":200,"elapsed_ms":591}
[2026-04-20 19:26:45] sync.INFO: PS API GET ok {"path":"stock_availables/37","status":200,"elapsed_ms":636}
[2026-04-20 19:26:46] sync.INFO: PS API GET ok {"path":"stock_availables/33","status":200,"elapsed_ms":591}
[2026-04-20 19:26:47] sync.INFO: PS API GET ok {"path":"stock_availables/34","status":200,"elapsed_ms":877}
[2026-04-20 19:26:48] sync.INFO: PS API GET ok {"path":"stock_availables/35","status":200,"elapsed_ms":644}
[2026-04-20 19:26:48] sync.INFO: PS API GET ok {"path":"stock_availables/36","status":200,"elapsed_ms":560}
[2026-04-20 19:26:49] sync.INFO: PS API GET ok {"path":"stock_availables/38","status":200,"elapsed_ms":1072}
[2026-04-20 19:26:50] sync.INFO: PS API GET ok {"path":"stock_availables/43","status":200,"elapsed_ms":626}
[2026-04-20 19:26:50] sync.INFO: PS API GET ok {"path":"stock_availables/39","status":200,"elapsed_ms":608}
[2026-04-20 19:26:51] sync.INFO: PS API GET ok {"path":"stock_availables/40","status":200,"elapsed_ms":614}
[2026-04-20 19:26:52] sync.INFO: PS API GET ok {"path":"stock_availables/41","status":200,"elapsed_ms":567}
[2026-04-20 19:26:52] sync.INFO: PS API GET ok {"path":"stock_availables/42","status":200,"elapsed_ms":582}
[2026-04-20 19:26:53] sync.INFO: PS API GET ok {"path":"stock_availables/602","status":200,"elapsed_ms":1025}
[2026-04-20 19:26:54] sync.INFO: PS API GET ok {"path":"stock_availables/50","status":200,"elapsed_ms":598}
[2026-04-20 19:26:54] sync.INFO: PS API GET ok {"path":"stock_availables/55","status":200,"elapsed_ms":598}
[2026-04-20 19:26:56] sync.INFO: PS API GET ok {"path":"stock_availables/51","status":200,"elapsed_ms":1606}
[2026-04-20 19:26:57] sync.INFO: PS API GET ok {"path":"stock_availables/52","status":200,"elapsed_ms":671}
[2026-04-20 19:26:59] sync.INFO: PS API GET ok {"path":"stock_availables/53","status":200,"elapsed_ms":2335}
[2026-04-20 19:27:00] sync.INFO: PS API GET ok {"path":"stock_availables/54","status":200,"elapsed_ms":812}
[2026-04-20 19:27:00] sync.INFO: PS stock fetch progress {"processed":50,"total":604}
[2026-04-20 19:27:00] sync.INFO: PS API GET ok {"path":"stock_availables/56","status":200,"elapsed_ms":586}
[2026-04-20 19:27:01] sync.INFO: PS API GET ok {"path":"stock_availables/61","status":200,"elapsed_ms":727}
[2026-04-20 19:27:02] sync.INFO: PS API GET ok {"path":"stock_availables/57","status":200,"elapsed_ms":662}
[2026-04-20 19:27:02] sync.INFO: PS API GET ok {"path":"stock_availables/58","status":200,"elapsed_ms":602}
[2026-04-20 19:27:03] sync.INFO: PS API GET ok {"path":"stock_availables/59","status":200,"elapsed_ms":854}
[2026-04-20 19:27:04] sync.INFO: PS API GET ok {"path":"stock_availables/60","status":200,"elapsed_ms":611}
[2026-04-20 19:27:05] sync.INFO: PS API GET ok {"path":"stock_availables/62","status":200,"elapsed_ms":634}
[2026-04-20 19:27:05] sync.INFO: PS API GET ok {"path":"stock_availables/67","status":200,"elapsed_ms":596}
[2026-04-20 19:27:06] sync.INFO: PS API GET ok {"path":"stock_availables/63","status":200,"elapsed_ms":857}
[2026-04-20 19:27:07] sync.INFO: PS API GET ok {"path":"stock_availables/64","status":200,"elapsed_ms":678}
[2026-04-20 19:27:08] sync.INFO: PS API GET ok {"path":"stock_availables/65","status":200,"elapsed_ms":1576}
[2026-04-20 19:27:10] sync.INFO: PS API GET ok {"path":"stock_availables/66","status":200,"elapsed_ms":1603}
[2026-04-20 19:27:10] sync.INFO: PS API GET ok {"path":"stock_availables/68","status":200,"elapsed_ms":604}
[2026-04-20 19:27:11] sync.INFO: PS API GET ok {"path":"stock_availables/73","status":200,"elapsed_ms":539}
[2026-04-20 19:27:12] sync.INFO: PS API GET ok {"path":"stock_availables/69","status":200,"elapsed_ms":564}
[2026-04-20 19:27:13] sync.INFO: PS API GET ok {"path":"stock_availables/70","status":200,"elapsed_ms":984}
[2026-04-20 19:27:13] sync.INFO: PS API GET ok {"path":"stock_availables/71","status":200,"elapsed_ms":559}
[2026-04-20 19:27:14] sync.INFO: PS API GET ok {"path":"stock_availables/72","status":200,"elapsed_ms":553}
[2026-04-20 19:27:15] sync.INFO: PS API GET ok {"path":"stock_availables/74","status":200,"elapsed_ms":998}
[2026-04-20 19:27:16] sync.INFO: PS API GET ok {"path":"stock_availables/75","status":200,"elapsed_ms":1081}
[2026-04-20 19:27:17] sync.INFO: PS API GET ok {"path":"stock_availables/84","status":200,"elapsed_ms":806}
[2026-04-20 19:27:17] sync.INFO: PS API GET ok {"path":"stock_availables/76","status":200,"elapsed_ms":675}
[2026-04-20 19:27:18] sync.INFO: PS API GET ok {"path":"stock_availables/77","status":200,"elapsed_ms":622}
[2026-04-20 19:27:19] sync.INFO: PS API GET ok {"path":"stock_availables/78","status":200,"elapsed_ms":1278}
[2026-04-20 19:27:20] sync.INFO: PS API GET ok {"path":"stock_availables/79","status":200,"elapsed_ms":599}
[2026-04-20 19:27:20] sync.INFO: PS API GET ok {"path":"stock_availables/80","status":200,"elapsed_ms":590}
[2026-04-20 19:27:21] sync.INFO: PS API GET ok {"path":"stock_availables/81","status":200,"elapsed_ms":610}
[2026-04-20 19:27:22] sync.INFO: PS API GET ok {"path":"stock_availables/82","status":200,"elapsed_ms":616}
[2026-04-20 19:27:22] sync.INFO: PS API GET ok {"path":"stock_availables/83","status":200,"elapsed_ms":579}
[2026-04-20 19:27:24] sync.INFO: PS API GET ok {"path":"stock_availables/85","status":200,"elapsed_ms":2122}
[2026-04-20 19:27:26] sync.INFO: PS API GET ok {"path":"stock_availables/90","status":200,"elapsed_ms":2001}
[2026-04-20 19:27:27] sync.INFO: PS API GET ok {"path":"stock_availables/86","status":200,"elapsed_ms":765}
[2026-04-20 19:27:28] sync.INFO: PS API GET ok {"path":"stock_availables/87","status":200,"elapsed_ms":837}
[2026-04-20 19:27:29] sync.INFO: PS API GET ok {"path":"stock_availables/88","status":200,"elapsed_ms":1002}
[2026-04-20 19:27:30] sync.INFO: PS API GET ok {"path":"stock_availables/89","status":200,"elapsed_ms":902}
[2026-04-20 19:27:30] sync.INFO: PS API GET ok {"path":"stock_availables/91","status":200,"elapsed_ms":596}
[2026-04-20 19:27:31] sync.INFO: PS API GET ok {"path":"stock_availables/96","status":200,"elapsed_ms":598}
[2026-04-20 19:27:32] sync.INFO: PS API GET ok {"path":"stock_availables/92","status":200,"elapsed_ms":695}
[2026-04-20 19:27:32] sync.INFO: PS API GET ok {"path":"stock_availables/93","status":200,"elapsed_ms":597}
[2026-04-20 19:27:33] sync.INFO: PS API GET ok {"path":"stock_availables/94","status":200,"elapsed_ms":614}
[2026-04-20 19:27:33] sync.INFO: PS API GET ok {"path":"stock_availables/95","status":200,"elapsed_ms":588}
[2026-04-20 19:27:34] sync.INFO: PS API GET ok {"path":"stock_availables/97","status":200,"elapsed_ms":900}
[2026-04-20 19:27:35] sync.INFO: PS API GET ok {"path":"stock_availables/102","status":200,"elapsed_ms":799}
[2026-04-20 19:27:36] sync.INFO: PS API GET ok {"path":"stock_availables/98","status":200,"elapsed_ms":821}
[2026-04-20 19:27:37] sync.INFO: PS API GET ok {"path":"stock_availables/99","status":200,"elapsed_ms":1076}
[2026-04-20 19:27:38] sync.INFO: PS API GET ok {"path":"stock_availables/100","status":200,"elapsed_ms":1073}
[2026-04-20 19:27:39] sync.INFO: PS API GET ok {"path":"stock_availables/101","status":200,"elapsed_ms":590}
[2026-04-20 19:27:39] sync.INFO: PS API GET ok {"path":"stock_availables/103","status":200,"elapsed_ms":632}
[2026-04-20 19:27:40] sync.INFO: PS API GET ok {"path":"stock_availables/108","status":200,"elapsed_ms":582}
[2026-04-20 19:27:40] sync.INFO: PS API GET ok {"path":"stock_availables/104","status":200,"elapsed_ms":571}
[2026-04-20 19:27:40] sync.INFO: PS stock fetch progress {"processed":100,"total":604}
[2026-04-20 19:27:41] sync.INFO: PS API GET ok {"path":"stock_availables/105","status":200,"elapsed_ms":958}
[2026-04-20 19:27:43] sync.INFO: PS API GET ok {"path":"stock_availables/106","status":200,"elapsed_ms":1932}
[2026-04-20 19:27:44] sync.INFO: PS API GET ok {"path":"stock_availables/107","status":200,"elapsed_ms":941}
[2026-04-20 19:27:45] sync.INFO: PS API GET ok {"path":"stock_availables/109","status":200,"elapsed_ms":858}
[2026-04-20 19:27:46] sync.INFO: PS API GET ok {"path":"stock_availables/114","status":200,"elapsed_ms":717}
[2026-04-20 19:27:47] sync.INFO: PS API GET ok {"path":"stock_availables/110","status":200,"elapsed_ms":705}
[2026-04-20 19:27:47] sync.INFO: PS API GET ok {"path":"stock_availables/111","status":200,"elapsed_ms":626}
[2026-04-20 19:27:48] sync.INFO: PS API GET ok {"path":"stock_availables/112","status":200,"elapsed_ms":868}
[2026-04-20 19:27:49] sync.INFO: PS API GET ok {"path":"stock_availables/113","status":200,"elapsed_ms":563}
[2026-04-20 19:27:49] sync.INFO: PS API GET ok {"path":"stock_availables/115","status":200,"elapsed_ms":566}
[2026-04-20 19:27:50] sync.INFO: PS API GET ok {"path":"stock_availables/121","status":200,"elapsed_ms":594}
[2026-04-20 19:27:51] sync.INFO: PS API GET ok {"path":"stock_availables/116","status":200,"elapsed_ms":1226}
[2026-04-20 19:27:52] sync.INFO: PS API GET ok {"path":"stock_availables/117","status":200,"elapsed_ms":583}
[2026-04-20 19:27:52] sync.INFO: PS API GET ok {"path":"stock_availables/118","status":200,"elapsed_ms":713}
[2026-04-20 19:27:53] sync.INFO: PS API GET ok {"path":"stock_availables/119","status":200,"elapsed_ms":779}
[2026-04-20 19:27:54] sync.INFO: PS API GET ok {"path":"stock_availables/120","status":200,"elapsed_ms":615}
[2026-04-20 19:27:54] sync.INFO: PS API GET ok {"path":"stock_availables/122","status":200,"elapsed_ms":633}
[2026-04-20 19:27:56] sync.INFO: PS API GET ok {"path":"stock_availables/127","status":200,"elapsed_ms":1832}
[2026-04-20 19:27:57] sync.INFO: PS API GET ok {"path":"stock_availables/123","status":200,"elapsed_ms":1145}
[2026-04-20 19:27:58] sync.INFO: PS API GET ok {"path":"stock_availables/124","status":200,"elapsed_ms":620}
[2026-04-20 19:27:59] sync.INFO: PS API GET ok {"path":"stock_availables/125","status":200,"elapsed_ms":682}
[2026-04-20 19:27:59] sync.INFO: PS API GET ok {"path":"stock_availables/126","status":200,"elapsed_ms":615}
[2026-04-20 19:28:00] sync.INFO: PS API GET ok {"path":"stock_availables/128","status":200,"elapsed_ms":650}
[2026-04-20 19:28:01] sync.INFO: PS API GET ok {"path":"stock_availables/133","status":200,"elapsed_ms":862}
[2026-04-20 19:28:01] sync.INFO: PS API GET ok {"path":"stock_availables/129","status":200,"elapsed_ms":678}
[2026-04-20 19:28:02] sync.INFO: PS API GET ok {"path":"stock_availables/130","status":200,"elapsed_ms":725}
[2026-04-20 19:28:04] sync.INFO: PS API GET ok {"path":"stock_availables/131","status":200,"elapsed_ms":1669}
[2026-04-20 19:28:06] sync.INFO: PS API GET ok {"path":"stock_availables/132","status":200,"elapsed_ms":1732}
[2026-04-20 19:28:07] sync.INFO: PS API GET ok {"path":"stock_availables/134","status":200,"elapsed_ms":1333}
[2026-04-20 19:28:09] sync.INFO: PS API GET ok {"path":"stock_availables/139","status":200,"elapsed_ms":2456}
[2026-04-20 19:28:10] sync.INFO: PS API GET ok {"path":"stock_availables/135","status":200,"elapsed_ms":911}
[2026-04-20 19:28:11] sync.INFO: PS API GET ok {"path":"stock_availables/136","status":200,"elapsed_ms":554}
[2026-04-20 19:28:11] sync.INFO: PS API GET ok {"path":"stock_availables/137","status":200,"elapsed_ms":627}
[2026-04-20 19:28:12] sync.INFO: PS API GET ok {"path":"stock_availables/138","status":200,"elapsed_ms":586}
[2026-04-20 19:28:13] sync.INFO: PS API GET ok {"path":"stock_availables/140","status":200,"elapsed_ms":553}
[2026-04-20 19:28:13] sync.INFO: PS API GET ok {"path":"stock_availables/145","status":200,"elapsed_ms":787}
[2026-04-20 19:28:14] sync.INFO: PS API GET ok {"path":"stock_availables/141","status":200,"elapsed_ms":603}
[2026-04-20 19:28:15] sync.INFO: PS API GET ok {"path":"stock_availables/142","status":200,"elapsed_ms":1016}
[2026-04-20 19:28:16] sync.INFO: PS API GET ok {"path":"stock_availables/143","status":200,"elapsed_ms":813}
[2026-04-20 19:28:16] sync.INFO: PS API GET ok {"path":"stock_availables/144","status":200,"elapsed_ms":642}
[2026-04-20 19:28:17] sync.INFO: PS API GET ok {"path":"stock_availables/146","status":200,"elapsed_ms":636}
[2026-04-20 19:28:19] sync.INFO: PS API GET ok {"path":"stock_availables/151","status":200,"elapsed_ms":1934}
[2026-04-20 19:28:20] sync.INFO: PS API GET ok {"path":"stock_availables/147","status":200,"elapsed_ms":1333}
[2026-04-20 19:28:21] sync.INFO: PS API GET ok {"path":"stock_availables/148","status":200,"elapsed_ms":571}
[2026-04-20 19:28:22] sync.INFO: PS API GET ok {"path":"stock_availables/149","status":200,"elapsed_ms":739}
[2026-04-20 19:28:22] sync.INFO: PS API GET ok {"path":"stock_availables/150","status":200,"elapsed_ms":587}
[2026-04-20 19:28:23] sync.INFO: PS API GET ok {"path":"stock_availables/152","status":200,"elapsed_ms":1020}
[2026-04-20 19:28:24] sync.INFO: PS API GET ok {"path":"stock_availables/153","status":200,"elapsed_ms":564}
[2026-04-20 19:28:24] sync.INFO: PS API GET ok {"path":"stock_availables/154","status":200,"elapsed_ms":580}
[2026-04-20 19:28:25] sync.INFO: PS API GET ok {"path":"stock_availables/157","status":200,"elapsed_ms":603}
[2026-04-20 19:28:25] sync.INFO: PS stock fetch progress {"processed":150,"total":604}
[2026-04-20 19:28:26] sync.INFO: PS API GET ok {"path":"stock_availables/155","status":200,"elapsed_ms":645}
[2026-04-20 19:28:26] sync.INFO: PS API GET ok {"path":"stock_availables/156","status":200,"elapsed_ms":553}
[2026-04-20 19:28:27] sync.INFO: PS API GET ok {"path":"stock_availables/158","status":200,"elapsed_ms":599}
[2026-04-20 19:28:28] sync.INFO: PS API GET ok {"path":"stock_availables/159","status":200,"elapsed_ms":814}
[2026-04-20 19:28:28] sync.INFO: PS API GET ok {"path":"stock_availables/603","status":200,"elapsed_ms":697}
[2026-04-20 19:28:29] sync.INFO: PS API GET ok {"path":"stock_availables/604","status":200,"elapsed_ms":939}
[2026-04-20 19:28:32] sync.INFO: PS API GET ok {"path":"stock_availables/605","status":200,"elapsed_ms":2521}
[2026-04-20 19:28:33] sync.INFO: PS API GET ok {"path":"stock_availables/606","status":200,"elapsed_ms":930}
[2026-04-20 19:28:33] sync.INFO: PS API GET ok {"path":"stock_availables/607","status":200,"elapsed_ms":600}
[2026-04-20 19:28:34] sync.INFO: PS API GET ok {"path":"stock_availables/160","status":200,"elapsed_ms":601}
[2026-04-20 19:28:35] sync.INFO: PS API GET ok {"path":"stock_availables/170","status":200,"elapsed_ms":844}
[2026-04-20 19:28:37] sync.INFO: PS API GET ok {"path":"stock_availables/161","status":200,"elapsed_ms":1959}
[2026-04-20 19:28:37] sync.INFO: PS API GET ok {"path":"stock_availables/162","status":200,"elapsed_ms":691}
[2026-04-20 19:28:38] sync.INFO: PS API GET ok {"path":"stock_availables/163","status":200,"elapsed_ms":574}
[2026-04-20 19:28:39] sync.INFO: PS API GET ok {"path":"stock_availables/164","status":200,"elapsed_ms":1140}
[2026-04-20 19:28:40] sync.INFO: PS API GET ok {"path":"stock_availables/165","status":200,"elapsed_ms":646}
[2026-04-20 19:28:40] sync.INFO: PS API GET ok {"path":"stock_availables/166","status":200,"elapsed_ms":679}
[2026-04-20 19:28:41] sync.INFO: PS API GET ok {"path":"stock_availables/167","status":200,"elapsed_ms":573}
[2026-04-20 19:28:42] sync.INFO: PS API GET ok {"path":"stock_availables/168","status":200,"elapsed_ms":603}
[2026-04-20 19:28:43] sync.INFO: PS API GET ok {"path":"stock_availables/169","status":200,"elapsed_ms":875}
[2026-04-20 19:28:43] sync.INFO: PS API GET ok {"path":"stock_availables/171","status":200,"elapsed_ms":968}
[2026-04-20 19:28:44] sync.INFO: PS API GET ok {"path":"stock_availables/181","status":200,"elapsed_ms":559}
[2026-04-20 19:28:45] sync.INFO: PS API GET ok {"path":"stock_availables/172","status":200,"elapsed_ms":563}
[2026-04-20 19:28:46] sync.INFO: PS API GET ok {"path":"stock_availables/173","status":200,"elapsed_ms":1016}
[2026-04-20 19:28:46] sync.INFO: PS API GET ok {"path":"stock_availables/174","status":200,"elapsed_ms":575}
[2026-04-20 19:28:47] sync.INFO: PS API GET ok {"path":"stock_availables/175","status":200,"elapsed_ms":599}
[2026-04-20 19:28:47] sync.INFO: PS API GET ok {"path":"stock_availables/176","status":200,"elapsed_ms":680}
[2026-04-20 19:28:48] sync.INFO: PS API GET ok {"path":"stock_availables/177","status":200,"elapsed_ms":784}
[2026-04-20 19:28:50] sync.INFO: PS API GET ok {"path":"stock_availables/178","status":200,"elapsed_ms":1671}
[2026-04-20 19:28:51] sync.INFO: PS API GET ok {"path":"stock_availables/179","status":200,"elapsed_ms":750}
[2026-04-20 19:28:51] sync.INFO: PS API GET ok {"path":"stock_availables/180","status":200,"elapsed_ms":608}
[2026-04-20 19:28:52] sync.INFO: PS API GET ok {"path":"stock_availables/182","status":200,"elapsed_ms":616}
[2026-04-20 19:28:54] sync.INFO: PS API GET ok {"path":"stock_availables/187","status":200,"elapsed_ms":1711}
[2026-04-20 19:28:54] sync.INFO: PS API GET ok {"path":"stock_availables/183","status":200,"elapsed_ms":606}
[2026-04-20 19:28:56] sync.INFO: PS API GET ok {"path":"stock_availables/184","status":200,"elapsed_ms":1498}
[2026-04-20 19:28:56] sync.INFO: PS API GET ok {"path":"stock_availables/185","status":200,"elapsed_ms":560}
[2026-04-20 19:28:57] sync.INFO: PS API GET ok {"path":"stock_availables/186","status":200,"elapsed_ms":561}
[2026-04-20 19:28:57] sync.INFO: PS API GET ok {"path":"stock_availables/188","status":200,"elapsed_ms":601}
[2026-04-20 19:28:58] sync.INFO: PS API GET ok {"path":"stock_availables/193","status":200,"elapsed_ms":569}
[2026-04-20 19:29:01] sync.INFO: PS API GET ok {"path":"stock_availables/189","status":200,"elapsed_ms":2527}
[2026-04-20 19:29:01] sync.INFO: PS API GET ok {"path":"stock_availables/190","status":200,"elapsed_ms":857}
[2026-04-20 19:29:02] sync.INFO: PS API GET ok {"path":"stock_availables/191","status":200,"elapsed_ms":586}
[2026-04-20 19:29:04] sync.INFO: PS API GET ok {"path":"stock_availables/192","status":200,"elapsed_ms":1824}
[2026-04-20 19:29:06] sync.INFO: PS API GET ok {"path":"stock_availables/194","status":200,"elapsed_ms":1795}
[2026-04-20 19:29:06] sync.INFO: PS API GET ok {"path":"stock_availables/199","status":200,"elapsed_ms":565}
[2026-04-20 19:29:07] sync.INFO: PS API GET ok {"path":"stock_availables/195","status":200,"elapsed_ms":676}
[2026-04-20 19:29:08] sync.INFO: PS API GET ok {"path":"stock_availables/196","status":200,"elapsed_ms":1209}
[2026-04-20 19:29:09] sync.INFO: PS API GET ok {"path":"stock_availables/197","status":200,"elapsed_ms":563}
[2026-04-20 19:29:09] sync.INFO: PS API GET ok {"path":"stock_availables/198","status":200,"elapsed_ms":664}
[2026-04-20 19:29:10] sync.INFO: PS API GET ok {"path":"stock_availables/200","status":200,"elapsed_ms":584}
[2026-04-20 19:29:10] sync.INFO: PS stock fetch progress {"processed":200,"total":604}
[2026-04-20 19:29:12] sync.INFO: PS API GET ok {"path":"stock_availables/205","status":200,"elapsed_ms":1873}
[2026-04-20 19:29:13] sync.INFO: PS API GET ok {"path":"stock_availables/201","status":200,"elapsed_ms":923}
[2026-04-20 19:29:13] sync.INFO: PS API GET ok {"path":"stock_availables/202","status":200,"elapsed_ms":593}
[2026-04-20 19:29:15] sync.INFO: PS API GET ok {"path":"stock_availables/203","status":200,"elapsed_ms":1249}
[2026-04-20 19:29:15] sync.INFO: PS API GET ok {"path":"stock_availables/204","status":200,"elapsed_ms":616}
[2026-04-20 19:29:16] sync.INFO: PS API GET ok {"path":"stock_availables/206","status":200,"elapsed_ms":680}
[2026-04-20 19:29:17] sync.INFO: PS API GET ok {"path":"stock_availables/207","status":200,"elapsed_ms":1129}
[2026-04-20 19:29:18] sync.INFO: PS API GET ok {"path":"stock_availables/208","status":200,"elapsed_ms":595}
[2026-04-20 19:29:18] sync.INFO: PS API GET ok {"path":"stock_availables/209","status":200,"elapsed_ms":663}
[2026-04-20 19:29:20] sync.INFO: PS API GET ok {"path":"stock_availables/215","status":200,"elapsed_ms":1485}
[2026-04-20 19:29:21] sync.INFO: PS API GET ok {"path":"stock_availables/210","status":200,"elapsed_ms":1466}
[2026-04-20 19:29:22] sync.INFO: PS API GET ok {"path":"stock_availables/211","status":200,"elapsed_ms":592}
[2026-04-20 19:29:22] sync.INFO: PS API GET ok {"path":"stock_availables/212","status":200,"elapsed_ms":593}
[2026-04-20 19:29:26] sync.INFO: PS API GET ok {"path":"stock_availables/213","status":200,"elapsed_ms":3252}
[2026-04-20 19:29:27] sync.INFO: PS API GET ok {"path":"stock_availables/214","status":200,"elapsed_ms":1195}
[2026-04-20 19:29:27] sync.INFO: PS API GET ok {"path":"stock_availables/216","status":200,"elapsed_ms":670}
[2026-04-20 19:29:29] sync.INFO: PS API GET ok {"path":"stock_availables/217","status":200,"elapsed_ms":1410}
[2026-04-20 19:29:29] sync.INFO: PS API GET ok {"path":"stock_availables/218","status":200,"elapsed_ms":580}
[2026-04-20 19:29:30] sync.INFO: PS API GET ok {"path":"stock_availables/219","status":200,"elapsed_ms":594}
[2026-04-20 19:29:31] sync.INFO: PS API GET ok {"path":"stock_availables/220","status":200,"elapsed_ms":755}
[2026-04-20 19:29:33] sync.INFO: PS API GET ok {"path":"stock_availables/221","status":200,"elapsed_ms":1845}
[2026-04-20 19:29:33] sync.INFO: PS API GET ok {"path":"stock_availables/222","status":200,"elapsed_ms":750}
[2026-04-20 19:29:34] sync.INFO: PS API GET ok {"path":"stock_availables/223","status":200,"elapsed_ms":794}
[2026-04-20 19:29:35] sync.INFO: PS API GET ok {"path":"stock_availables/224","status":200,"elapsed_ms":604}
[2026-04-20 19:29:36] sync.INFO: PS API GET ok {"path":"stock_availables/225","status":200,"elapsed_ms":954}
[2026-04-20 19:29:37] sync.INFO: PS API GET ok {"path":"stock_availables/226","status":200,"elapsed_ms":1496}
[2026-04-20 19:29:38] sync.INFO: PS API GET ok {"path":"stock_availables/227","status":200,"elapsed_ms":620}
[2026-04-20 19:29:39] sync.INFO: PS API GET ok {"path":"stock_availables/228","status":200,"elapsed_ms":725}
[2026-04-20 19:29:40] sync.INFO: PS API GET ok {"path":"stock_availables/229","status":200,"elapsed_ms":1365}
[2026-04-20 19:29:42] sync.INFO: PS API GET ok {"path":"stock_availables/235","status":200,"elapsed_ms":2519}
